2022-04-06 07:30:58,399:INFO:PyCaret Supervised Module
2022-04-06 07:30:58,404:INFO:ML Usecase: classification
2022-04-06 07:30:58,404:INFO:version 2.3.9
2022-04-06 07:30:58,404:INFO:Initializing setup()
2022-04-06 07:30:58,404:INFO:setup(target=Occupancy, ml_usecase=classification, available_plots={'parameter': 'Hyperparameters', 'auc': 'AUC', 'confusion_matrix': 'Confusion Matrix', 'threshold': 'Threshold', 'pr': 'Precision Recall', 'error': 'Prediction Error', 'class_report': 'Class Report', 'rfe': 'Feature Selection', 'learning': 'Learning Curve', 'manifold': 'Manifold Learning', 'calibration': 'Calibration Curve', 'vc': 'Validation Curve', 'dimension': 'Dimensions', 'feature': 'Feature Importance', 'feature_all': 'Feature Importance (All)', 'boundary': 'Decision Boundary', 'lift': 'Lift Chart', 'gain': 'Gain Chart', 'tree': 'Decision Tree', 'ks': 'KS Statistic Plot'}, train_size=0.7, test_data=None, preprocess=True, imputation_type=simple, iterative_imputation_iters=5, categorical_features=None, categorical_imputation=constant, categorical_iterative_imputer=lightgbm, ordinal_features=None, high_cardinality_features=None, high_cardinality_method=frequency, numeric_features=None, numeric_imputation=mean, numeric_iterative_imputer=lightgbm, date_features=None, ignore_features=None, normalize=False, normalize_method=zscore, transformation=False, transformation_method=yeo-johnson, handle_unknown_categorical=True, unknown_categorical_method=least_frequent, pca=False, pca_method=linear, pca_components=None, ignore_low_variance=False, combine_rare_levels=False, rare_level_threshold=0.1, bin_numeric_features=None, remove_outliers=False, outliers_threshold=0.05, remove_multicollinearity=False, multicollinearity_threshold=0.9, remove_perfect_collinearity=True, create_clusters=False, cluster_iter=20, polynomial_features=False, polynomial_degree=2, trigonometry_features=False, polynomial_threshold=0.1, group_features=None, group_names=None, feature_selection=False, feature_selection_threshold=0.8, feature_selection_method=classic, feature_interaction=False, feature_ratio=False, interaction_threshold=0.01, fix_imbalance=False, fix_imbalance_method=None, transform_target=False, transform_target_method=box-cox, data_split_shuffle=True, data_split_stratify=False, fold_strategy=stratifiedkfold, fold=10, fold_shuffle=False, fold_groups=None, n_jobs=-1, use_gpu=False, custom_pipeline=None, html=True, session_id=123, log_experiment=False, experiment_name=None, experiment_custom_tags=None, log_plots=False, log_profile=False, log_data=False, silent=False, verbose=True, profile=False, profile_kwargs=None, display=None)
2022-04-06 07:30:58,404:INFO:Checking environment
2022-04-06 07:30:58,407:INFO:python_version: 3.7.9
2022-04-06 07:30:58,407:INFO:python_build: ('tags/v3.7.9:13c94747c7', 'Aug 17 2020 18:58:18')
2022-04-06 07:30:58,407:INFO:machine: AMD64
2022-04-06 07:30:58,407:INFO:platform: Windows-10-10.0.22000-SP0
2022-04-06 07:30:58,407:INFO:Memory: svmem(total=16905965568, available=4420464640, percent=73.9, used=12485500928, free=4420464640)
2022-04-06 07:30:58,407:INFO:Physical Core: 8
2022-04-06 07:30:58,408:INFO:Logical Core: 16
2022-04-06 07:30:58,409:INFO:Checking libraries
2022-04-06 07:30:58,409:INFO:pd==1.3.5
2022-04-06 07:30:58,409:INFO:numpy==1.19.5
2022-04-06 07:30:58,409:INFO:sklearn==0.23.2
2022-04-06 07:30:58,409:INFO:lightgbm==3.3.2
2022-04-06 07:30:58,409:WARNING:catboost not found
2022-04-06 07:30:58,409:WARNING:xgboost not found
2022-04-06 07:30:58,414:INFO:mlflow==1.24.0
2022-04-06 07:30:58,414:INFO:Checking Exceptions
2022-04-06 07:30:58,414:INFO:Declaring global variables
2022-04-06 07:30:58,414:INFO:USI: 6899
2022-04-06 07:30:58,414:INFO:pycaret_globals: {'prep_pipe', 'seed', '_all_models_internal', 'fold_shuffle_param', 'y_test', 'y', 'fold_generator', 'fold_groups_param_full', 'dashboard_logger', 'data_before_preprocess', 'X', 'iterative_imputation_iters_param', 'create_model_container', 'imputation_classifier', 'X_test', 'stratify_param', 'fold_param', 'X_train', 'fix_imbalance_param', '_gpu_n_jobs_param', 'log_plots_param', '_available_plots', 'experiment__', 'USI', '_ml_usecase', 'pycaret_globals', 'gpu_param', 'fold_groups_param', '_internal_pipeline', 'n_jobs_param', 'master_model_container', 'transform_target_param', 'transform_target_method_param', 'display_container', 'fix_imbalance_method_param', '_all_models', 'y_train', 'target_param', 'logging_param', 'html_param', 'exp_name_log', 'imputation_regressor', '_all_metrics'}
2022-04-06 07:30:58,414:INFO:Preparing display monitor
2022-04-06 07:30:58,414:INFO:Preparing display monitor
2022-04-06 07:30:58,463:INFO:Importing libraries
2022-04-06 07:30:58,463:INFO:Copying data for preprocessing
2022-04-06 07:30:58,493:INFO:Declaring preprocessing parameters
2022-04-06 07:30:58,493:INFO:Creating preprocessing pipeline
2022-04-06 07:30:58,509:INFO:Preprocessing pipeline created successfully
2022-04-06 07:30:58,514:ERROR:(Process Exit): setup has been interupted with user command 'quit'. setup must rerun.
2022-04-06 07:30:58,514:INFO:Creating global containers
2022-04-06 07:30:58,528:INFO:Internal pipeline: Pipeline(memory=None, steps=[('empty_step', 'passthrough')], verbose=False)
2022-04-06 07:31:05,152:WARNING:Couldn't import xgboost.XGBClassifier
2022-04-06 07:31:05,154:WARNING:Couldn't import catboost.CatBoostClassifier
2022-04-06 07:31:05,519:WARNING:Couldn't import xgboost.XGBClassifier
2022-04-06 07:31:05,521:WARNING:Couldn't import catboost.CatBoostClassifier
2022-04-06 07:31:05,524:INFO:Creating grid variables
2022-04-06 07:31:05,569:INFO:create_model_container: 0
2022-04-06 07:31:05,569:INFO:master_model_container: 0
2022-04-06 07:31:05,569:INFO:display_container: 1
2022-04-06 07:31:05,594:INFO:Pipeline(memory=None,
         steps=[('dtypes',
                 DataTypes_Auto_infer(categorical_features=[],
                                      display_types=True, features_todrop=[],
                                      id_columns=[],
                                      ml_usecase='classification',
                                      numerical_features=[], target='Occupancy',
                                      time_features=[])),
                ('imputer',
                 Simple_Imputer(categorical_strategy='not_available',
                                fill_value_categorical=None,
                                fill_value_numerical=None,
                                numeric_st...
                ('scaling', 'passthrough'), ('P_transform', 'passthrough'),
                ('binn', 'passthrough'), ('rem_outliers', 'passthrough'),
                ('cluster_all', 'passthrough'),
                ('dummy', Dummify(target='Occupancy')),
                ('fix_perfect', Remove_100(target='Occupancy')),
                ('clean_names', Clean_Colum_Names()),
                ('feature_select', 'passthrough'), ('fix_multi', 'passthrough'),
                ('dfs', 'passthrough'), ('pca', 'passthrough')],
         verbose=False)
2022-04-06 07:31:05,594:INFO:setup() succesfully completed......................................
2022-04-06 07:31:54,954:INFO:Initializing compare_models()
2022-04-06 07:31:54,954:INFO:compare_models(include=None, fold=None, round=4, cross_validation=True, sort=Accuracy, n_select=1, budget_time=None, turbo=True, errors=ignore, fit_kwargs=None, groups=None, experiment_custom_tags=None, probability_threshold=None, verbose=True, display=None, exclude=None)
2022-04-06 07:31:54,959:INFO:Checking exceptions
2022-04-06 07:31:54,960:INFO:Preparing display monitor
2022-04-06 07:31:54,960:INFO:Preparing display monitor
2022-04-06 07:31:55,059:INFO:Initializing Logistic Regression
2022-04-06 07:31:55,059:INFO:Total runtime is 0.0 minutes
2022-04-06 07:31:55,088:INFO:SubProcess create_model() called ==================================
2022-04-06 07:31:55,088:INFO:Initializing create_model()
2022-04-06 07:31:55,088:INFO:create_model(estimator=lr, fold=StratifiedKFold(n_splits=10, random_state=None, shuffle=False), round=4, cross_validation=True, predict=True, fit_kwargs={}, groups=None, refit=False, verbose=False, system=False, metrics=None, experiment_custom_tags=None, add_to_model_list=True, probability_threshold=None, display=<pycaret.internal.Display.Display object at 0x000001E7353B64C8>, return_train_score=False, kwargs={})
2022-04-06 07:31:55,088:INFO:Checking exceptions
2022-04-06 07:31:55,088:INFO:Importing libraries
2022-04-06 07:31:55,088:INFO:Copying training dataset
2022-04-06 07:31:55,093:INFO:Defining folds
2022-04-06 07:31:55,093:INFO:Declaring metric variables
2022-04-06 07:31:55,124:INFO:Importing untrained model
2022-04-06 07:31:55,153:INFO:Logistic Regression Imported succesfully
2022-04-06 07:31:55,204:INFO:Starting cross validation
2022-04-06 07:31:55,204:INFO:Cross validating with StratifiedKFold(n_splits=10, random_state=None, shuffle=False), n_jobs=-1
2022-04-06 07:32:12,218:INFO:Calculating mean and std
2022-04-06 07:32:12,227:INFO:Creating metrics dataframe
2022-04-06 07:32:12,247:INFO:Uploading results into container
2022-04-06 07:32:12,249:INFO:Uploading model into container now
2022-04-06 07:32:12,249:INFO:create_model_container: 1
2022-04-06 07:32:12,249:INFO:master_model_container: 1
2022-04-06 07:32:12,249:INFO:display_container: 2
2022-04-06 07:32:12,249:INFO:LogisticRegression(C=1.0, class_weight=None, dual=False, fit_intercept=True,
                   intercept_scaling=1, l1_ratio=None, max_iter=1000,
                   multi_class='auto', n_jobs=None, penalty='l2',
                   random_state=123, solver='lbfgs', tol=0.0001, verbose=0,
                   warm_start=False)
2022-04-06 07:32:12,249:INFO:create_model() succesfully completed......................................
2022-04-06 07:32:12,769:INFO:SubProcess create_model() end ==================================
2022-04-06 07:32:12,769:INFO:Creating metrics dataframe
2022-04-06 07:32:12,819:INFO:Initializing K Neighbors Classifier
2022-04-06 07:32:12,819:INFO:Total runtime is 0.2960065444310506 minutes
2022-04-06 07:32:12,853:INFO:SubProcess create_model() called ==================================
2022-04-06 07:32:12,853:INFO:Initializing create_model()
2022-04-06 07:32:12,853:INFO:create_model(estimator=knn, fold=StratifiedKFold(n_splits=10, random_state=None, shuffle=False), round=4, cross_validation=True, predict=True, fit_kwargs={}, groups=None, refit=False, verbose=False, system=False, metrics=None, experiment_custom_tags=None, add_to_model_list=True, probability_threshold=None, display=<pycaret.internal.Display.Display object at 0x000001E7353B64C8>, return_train_score=False, kwargs={})
2022-04-06 07:32:12,853:INFO:Checking exceptions
2022-04-06 07:32:12,853:INFO:Importing libraries
2022-04-06 07:32:12,853:INFO:Copying training dataset
2022-04-06 07:32:12,859:INFO:Defining folds
2022-04-06 07:32:12,859:INFO:Declaring metric variables
2022-04-06 07:32:12,889:INFO:Importing untrained model
2022-04-06 07:32:12,918:INFO:K Neighbors Classifier Imported succesfully
2022-04-06 07:32:12,974:INFO:Starting cross validation
2022-04-06 07:32:12,975:INFO:Cross validating with StratifiedKFold(n_splits=10, random_state=None, shuffle=False), n_jobs=-1
2022-04-06 07:32:22,913:INFO:Calculating mean and std
2022-04-06 07:32:22,922:INFO:Creating metrics dataframe
2022-04-06 07:32:22,948:INFO:Uploading results into container
2022-04-06 07:32:22,948:INFO:Uploading model into container now
2022-04-06 07:32:22,948:INFO:create_model_container: 2
2022-04-06 07:32:22,948:INFO:master_model_container: 2
2022-04-06 07:32:22,948:INFO:display_container: 2
2022-04-06 07:32:22,948:INFO:KNeighborsClassifier(algorithm='auto', leaf_size=30, metric='minkowski',
                     metric_params=None, n_jobs=-1, n_neighbors=5, p=2,
                     weights='uniform')
2022-04-06 07:32:22,953:INFO:create_model() succesfully completed......................................
2022-04-06 07:32:23,478:INFO:SubProcess create_model() end ==================================
2022-04-06 07:32:23,478:INFO:Creating metrics dataframe
2022-04-06 07:32:23,533:INFO:Initializing Naive Bayes
2022-04-06 07:32:23,533:INFO:Total runtime is 0.4745749155680339 minutes
2022-04-06 07:32:23,566:INFO:SubProcess create_model() called ==================================
2022-04-06 07:32:23,566:INFO:Initializing create_model()
2022-04-06 07:32:23,566:INFO:create_model(estimator=nb, fold=StratifiedKFold(n_splits=10, random_state=None, shuffle=False), round=4, cross_validation=True, predict=True, fit_kwargs={}, groups=None, refit=False, verbose=False, system=False, metrics=None, experiment_custom_tags=None, add_to_model_list=True, probability_threshold=None, display=<pycaret.internal.Display.Display object at 0x000001E7353B64C8>, return_train_score=False, kwargs={})
2022-04-06 07:32:23,566:INFO:Checking exceptions
2022-04-06 07:32:23,566:INFO:Importing libraries
2022-04-06 07:32:23,566:INFO:Copying training dataset
2022-04-06 07:32:23,570:INFO:Defining folds
2022-04-06 07:32:23,570:INFO:Declaring metric variables
2022-04-06 07:32:23,605:INFO:Importing untrained model
2022-04-06 07:32:23,630:INFO:Naive Bayes Imported succesfully
2022-04-06 07:32:23,694:INFO:Starting cross validation
2022-04-06 07:32:23,695:INFO:Cross validating with StratifiedKFold(n_splits=10, random_state=None, shuffle=False), n_jobs=-1
2022-04-06 07:32:23,843:INFO:Calculating mean and std
2022-04-06 07:32:23,849:INFO:Creating metrics dataframe
2022-04-06 07:32:23,865:INFO:Uploading results into container
2022-04-06 07:32:23,865:INFO:Uploading model into container now
2022-04-06 07:32:23,865:INFO:create_model_container: 3
2022-04-06 07:32:23,865:INFO:master_model_container: 3
2022-04-06 07:32:23,868:INFO:display_container: 2
2022-04-06 07:32:23,869:INFO:GaussianNB(priors=None, var_smoothing=1e-09)
2022-04-06 07:32:23,869:INFO:create_model() succesfully completed......................................
2022-04-06 07:32:24,374:INFO:SubProcess create_model() end ==================================
2022-04-06 07:32:24,374:INFO:Creating metrics dataframe
2022-04-06 07:32:24,439:INFO:Initializing Decision Tree Classifier
2022-04-06 07:32:24,439:INFO:Total runtime is 0.4896691163380941 minutes
2022-04-06 07:32:24,469:INFO:SubProcess create_model() called ==================================
2022-04-06 07:32:24,469:INFO:Initializing create_model()
2022-04-06 07:32:24,469:INFO:create_model(estimator=dt, fold=StratifiedKFold(n_splits=10, random_state=None, shuffle=False), round=4, cross_validation=True, predict=True, fit_kwargs={}, groups=None, refit=False, verbose=False, system=False, metrics=None, experiment_custom_tags=None, add_to_model_list=True, probability_threshold=None, display=<pycaret.internal.Display.Display object at 0x000001E7353B64C8>, return_train_score=False, kwargs={})
2022-04-06 07:32:24,469:INFO:Checking exceptions
2022-04-06 07:32:24,469:INFO:Importing libraries
2022-04-06 07:32:24,469:INFO:Copying training dataset
2022-04-06 07:32:24,469:INFO:Defining folds
2022-04-06 07:32:24,469:INFO:Declaring metric variables
2022-04-06 07:32:24,499:INFO:Importing untrained model
2022-04-06 07:32:24,535:INFO:Decision Tree Classifier Imported succesfully
2022-04-06 07:32:24,588:INFO:Starting cross validation
2022-04-06 07:32:24,588:INFO:Cross validating with StratifiedKFold(n_splits=10, random_state=None, shuffle=False), n_jobs=-1
2022-04-06 07:32:24,749:INFO:Calculating mean and std
2022-04-06 07:32:24,754:INFO:Creating metrics dataframe
2022-04-06 07:32:24,771:INFO:Uploading results into container
2022-04-06 07:32:24,771:INFO:Uploading model into container now
2022-04-06 07:32:24,771:INFO:create_model_container: 4
2022-04-06 07:32:24,771:INFO:master_model_container: 4
2022-04-06 07:32:24,771:INFO:display_container: 2
2022-04-06 07:32:24,771:INFO:DecisionTreeClassifier(ccp_alpha=0.0, class_weight=None, criterion='gini',
                       max_depth=None, max_features=None, max_leaf_nodes=None,
                       min_impurity_decrease=0.0, min_impurity_split=None,
                       min_samples_leaf=1, min_samples_split=2,
                       min_weight_fraction_leaf=0.0, presort='deprecated',
                       random_state=123, splitter='best')
2022-04-06 07:32:24,771:INFO:create_model() succesfully completed......................................
2022-04-06 07:32:25,362:INFO:SubProcess create_model() end ==================================
2022-04-06 07:32:25,362:INFO:Creating metrics dataframe
2022-04-06 07:32:25,413:INFO:Initializing SVM - Linear Kernel
2022-04-06 07:32:25,419:INFO:Total runtime is 0.5060004432996115 minutes
2022-04-06 07:32:25,449:INFO:SubProcess create_model() called ==================================
2022-04-06 07:32:25,449:INFO:Initializing create_model()
2022-04-06 07:32:25,449:INFO:create_model(estimator=svm, fold=StratifiedKFold(n_splits=10, random_state=None, shuffle=False), round=4, cross_validation=True, predict=True, fit_kwargs={}, groups=None, refit=False, verbose=False, system=False, metrics=None, experiment_custom_tags=None, add_to_model_list=True, probability_threshold=None, display=<pycaret.internal.Display.Display object at 0x000001E7353B64C8>, return_train_score=False, kwargs={})
2022-04-06 07:32:25,449:INFO:Checking exceptions
2022-04-06 07:32:25,449:INFO:Importing libraries
2022-04-06 07:32:25,449:INFO:Copying training dataset
2022-04-06 07:32:25,449:INFO:Defining folds
2022-04-06 07:32:25,449:INFO:Declaring metric variables
2022-04-06 07:32:25,493:INFO:Importing untrained model
2022-04-06 07:32:25,523:INFO:SVM - Linear Kernel Imported succesfully
2022-04-06 07:32:25,580:INFO:Starting cross validation
2022-04-06 07:32:25,580:INFO:Cross validating with StratifiedKFold(n_splits=10, random_state=None, shuffle=False), n_jobs=-1
2022-04-06 07:32:25,759:INFO:Calculating mean and std
2022-04-06 07:32:25,763:INFO:Creating metrics dataframe
2022-04-06 07:32:25,779:INFO:Uploading results into container
2022-04-06 07:32:25,779:INFO:Uploading model into container now
2022-04-06 07:32:25,779:INFO:create_model_container: 5
2022-04-06 07:32:25,782:INFO:master_model_container: 5
2022-04-06 07:32:25,782:INFO:display_container: 2
2022-04-06 07:32:25,782:INFO:SGDClassifier(alpha=0.0001, average=False, class_weight=None,
              early_stopping=False, epsilon=0.1, eta0=0.001, fit_intercept=True,
              l1_ratio=0.15, learning_rate='optimal', loss='hinge',
              max_iter=1000, n_iter_no_change=5, n_jobs=-1, penalty='l2',
              power_t=0.5, random_state=123, shuffle=True, tol=0.001,
              validation_fraction=0.1, verbose=0, warm_start=False)
2022-04-06 07:32:25,782:INFO:create_model() succesfully completed......................................
2022-04-06 07:32:26,309:INFO:SubProcess create_model() end ==================================
2022-04-06 07:32:26,309:INFO:Creating metrics dataframe
2022-04-06 07:32:26,389:INFO:Initializing Ridge Classifier
2022-04-06 07:32:26,389:INFO:Total runtime is 0.5221691052118937 minutes
2022-04-06 07:32:26,424:INFO:SubProcess create_model() called ==================================
2022-04-06 07:32:26,429:INFO:Initializing create_model()
2022-04-06 07:32:26,431:INFO:create_model(estimator=ridge, fold=StratifiedKFold(n_splits=10, random_state=None, shuffle=False), round=4, cross_validation=True, predict=True, fit_kwargs={}, groups=None, refit=False, verbose=False, system=False, metrics=None, experiment_custom_tags=None, add_to_model_list=True, probability_threshold=None, display=<pycaret.internal.Display.Display object at 0x000001E7353B64C8>, return_train_score=False, kwargs={})
2022-04-06 07:32:26,431:INFO:Checking exceptions
2022-04-06 07:32:26,431:INFO:Importing libraries
2022-04-06 07:32:26,432:INFO:Copying training dataset
2022-04-06 07:32:26,433:INFO:Defining folds
2022-04-06 07:32:26,433:INFO:Declaring metric variables
2022-04-06 07:32:26,469:INFO:Importing untrained model
2022-04-06 07:32:26,508:INFO:Ridge Classifier Imported succesfully
2022-04-06 07:32:26,575:INFO:Starting cross validation
2022-04-06 07:32:26,579:INFO:Cross validating with StratifiedKFold(n_splits=10, random_state=None, shuffle=False), n_jobs=-1
2022-04-06 07:32:26,741:INFO:Calculating mean and std
2022-04-06 07:32:26,744:INFO:Creating metrics dataframe
2022-04-06 07:32:26,759:INFO:Uploading results into container
2022-04-06 07:32:26,764:INFO:Uploading model into container now
2022-04-06 07:32:26,764:INFO:create_model_container: 6
2022-04-06 07:32:26,764:INFO:master_model_container: 6
2022-04-06 07:32:26,764:INFO:display_container: 2
2022-04-06 07:32:26,764:INFO:RidgeClassifier(alpha=1.0, class_weight=None, copy_X=True, fit_intercept=True,
                max_iter=None, normalize=False, random_state=123, solver='auto',
                tol=0.001)
2022-04-06 07:32:26,766:INFO:create_model() succesfully completed......................................
2022-04-06 07:32:27,298:INFO:SubProcess create_model() end ==================================
2022-04-06 07:32:27,298:INFO:Creating metrics dataframe
2022-04-06 07:32:27,368:INFO:Initializing Random Forest Classifier
2022-04-06 07:32:27,368:INFO:Total runtime is 0.5384963909784953 minutes
2022-04-06 07:32:27,405:INFO:SubProcess create_model() called ==================================
2022-04-06 07:32:27,405:INFO:Initializing create_model()
2022-04-06 07:32:27,409:INFO:create_model(estimator=rf, fold=StratifiedKFold(n_splits=10, random_state=None, shuffle=False), round=4, cross_validation=True, predict=True, fit_kwargs={}, groups=None, refit=False, verbose=False, system=False, metrics=None, experiment_custom_tags=None, add_to_model_list=True, probability_threshold=None, display=<pycaret.internal.Display.Display object at 0x000001E7353B64C8>, return_train_score=False, kwargs={})
2022-04-06 07:32:27,409:INFO:Checking exceptions
2022-04-06 07:32:27,409:INFO:Importing libraries
2022-04-06 07:32:27,409:INFO:Copying training dataset
2022-04-06 07:32:27,409:INFO:Defining folds
2022-04-06 07:32:27,413:INFO:Declaring metric variables
2022-04-06 07:32:27,437:INFO:Importing untrained model
2022-04-06 07:32:27,464:INFO:Random Forest Classifier Imported succesfully
2022-04-06 07:32:27,528:INFO:Starting cross validation
2022-04-06 07:32:27,533:INFO:Cross validating with StratifiedKFold(n_splits=10, random_state=None, shuffle=False), n_jobs=-1
2022-04-06 07:32:29,708:INFO:Calculating mean and std
2022-04-06 07:32:29,719:INFO:Creating metrics dataframe
2022-04-06 07:32:29,739:INFO:Uploading results into container
2022-04-06 07:32:29,739:INFO:Uploading model into container now
2022-04-06 07:32:29,739:INFO:create_model_container: 7
2022-04-06 07:32:29,739:INFO:master_model_container: 7
2022-04-06 07:32:29,739:INFO:display_container: 2
2022-04-06 07:32:29,743:INFO:RandomForestClassifier(bootstrap=True, ccp_alpha=0.0, class_weight=None,
                       criterion='gini', max_depth=None, max_features='auto',
                       max_leaf_nodes=None, max_samples=None,
                       min_impurity_decrease=0.0, min_impurity_split=None,
                       min_samples_leaf=1, min_samples_split=2,
                       min_weight_fraction_leaf=0.0, n_estimators=100,
                       n_jobs=-1, oob_score=False, random_state=123, verbose=0,
                       warm_start=False)
2022-04-06 07:32:29,743:INFO:create_model() succesfully completed......................................
2022-04-06 07:32:30,249:INFO:SubProcess create_model() end ==================================
2022-04-06 07:32:30,249:INFO:Creating metrics dataframe
2022-04-06 07:32:30,318:INFO:Initializing Quadratic Discriminant Analysis
2022-04-06 07:32:30,318:INFO:Total runtime is 0.5876647949218751 minutes
2022-04-06 07:32:30,353:INFO:SubProcess create_model() called ==================================
2022-04-06 07:32:30,353:INFO:Initializing create_model()
2022-04-06 07:32:30,353:INFO:create_model(estimator=qda, fold=StratifiedKFold(n_splits=10, random_state=None, shuffle=False), round=4, cross_validation=True, predict=True, fit_kwargs={}, groups=None, refit=False, verbose=False, system=False, metrics=None, experiment_custom_tags=None, add_to_model_list=True, probability_threshold=None, display=<pycaret.internal.Display.Display object at 0x000001E7353B64C8>, return_train_score=False, kwargs={})
2022-04-06 07:32:30,353:INFO:Checking exceptions
2022-04-06 07:32:30,353:INFO:Importing libraries
2022-04-06 07:32:30,353:INFO:Copying training dataset
2022-04-06 07:32:30,353:INFO:Defining folds
2022-04-06 07:32:30,359:INFO:Declaring metric variables
2022-04-06 07:32:30,384:INFO:Importing untrained model
2022-04-06 07:32:30,419:INFO:Quadratic Discriminant Analysis Imported succesfully
2022-04-06 07:32:30,488:INFO:Starting cross validation
2022-04-06 07:32:30,491:INFO:Cross validating with StratifiedKFold(n_splits=10, random_state=None, shuffle=False), n_jobs=-1
2022-04-06 07:32:30,690:INFO:Calculating mean and std
2022-04-06 07:32:30,695:INFO:Creating metrics dataframe
2022-04-06 07:32:30,713:INFO:Uploading results into container
2022-04-06 07:32:30,713:INFO:Uploading model into container now
2022-04-06 07:32:30,713:INFO:create_model_container: 8
2022-04-06 07:32:30,713:INFO:master_model_container: 8
2022-04-06 07:32:30,713:INFO:display_container: 2
2022-04-06 07:32:30,719:INFO:QuadraticDiscriminantAnalysis(priors=None, reg_param=0.0,
                              store_covariance=False, tol=0.0001)
2022-04-06 07:32:30,719:INFO:create_model() succesfully completed......................................
2022-04-06 07:32:31,253:INFO:SubProcess create_model() end ==================================
2022-04-06 07:32:31,253:INFO:Creating metrics dataframe
2022-04-06 07:32:31,311:INFO:Initializing Ada Boost Classifier
2022-04-06 07:32:31,311:INFO:Total runtime is 0.6042077461878459 minutes
2022-04-06 07:32:31,348:INFO:SubProcess create_model() called ==================================
2022-04-06 07:32:31,349:INFO:Initializing create_model()
2022-04-06 07:32:31,349:INFO:create_model(estimator=ada, fold=StratifiedKFold(n_splits=10, random_state=None, shuffle=False), round=4, cross_validation=True, predict=True, fit_kwargs={}, groups=None, refit=False, verbose=False, system=False, metrics=None, experiment_custom_tags=None, add_to_model_list=True, probability_threshold=None, display=<pycaret.internal.Display.Display object at 0x000001E7353B64C8>, return_train_score=False, kwargs={})
2022-04-06 07:32:31,349:INFO:Checking exceptions
2022-04-06 07:32:31,349:INFO:Importing libraries
2022-04-06 07:32:31,349:INFO:Copying training dataset
2022-04-06 07:32:31,354:INFO:Defining folds
2022-04-06 07:32:31,354:INFO:Declaring metric variables
2022-04-06 07:32:31,384:INFO:Importing untrained model
2022-04-06 07:32:31,412:INFO:Ada Boost Classifier Imported succesfully
2022-04-06 07:32:31,478:INFO:Starting cross validation
2022-04-06 07:32:31,481:INFO:Cross validating with StratifiedKFold(n_splits=10, random_state=None, shuffle=False), n_jobs=-1
2022-04-06 07:32:32,349:INFO:Calculating mean and std
2022-04-06 07:32:32,354:INFO:Creating metrics dataframe
2022-04-06 07:32:32,373:INFO:Uploading results into container
2022-04-06 07:32:32,373:INFO:Uploading model into container now
2022-04-06 07:32:32,373:INFO:create_model_container: 9
2022-04-06 07:32:32,373:INFO:master_model_container: 9
2022-04-06 07:32:32,373:INFO:display_container: 2
2022-04-06 07:32:32,373:INFO:AdaBoostClassifier(algorithm='SAMME.R', base_estimator=None, learning_rate=1.0,
                   n_estimators=50, random_state=123)
2022-04-06 07:32:32,377:INFO:create_model() succesfully completed......................................
2022-04-06 07:32:32,919:INFO:SubProcess create_model() end ==================================
2022-04-06 07:32:32,919:INFO:Creating metrics dataframe
2022-04-06 07:32:33,010:INFO:Initializing Gradient Boosting Classifier
2022-04-06 07:32:33,010:INFO:Total runtime is 0.6325226863225302 minutes
2022-04-06 07:32:33,060:INFO:SubProcess create_model() called ==================================
2022-04-06 07:32:33,062:INFO:Initializing create_model()
2022-04-06 07:32:33,062:INFO:create_model(estimator=gbc, fold=StratifiedKFold(n_splits=10, random_state=None, shuffle=False), round=4, cross_validation=True, predict=True, fit_kwargs={}, groups=None, refit=False, verbose=False, system=False, metrics=None, experiment_custom_tags=None, add_to_model_list=True, probability_threshold=None, display=<pycaret.internal.Display.Display object at 0x000001E7353B64C8>, return_train_score=False, kwargs={})
2022-04-06 07:32:33,064:INFO:Checking exceptions
2022-04-06 07:32:33,064:INFO:Importing libraries
2022-04-06 07:32:33,065:INFO:Copying training dataset
2022-04-06 07:32:33,065:INFO:Defining folds
2022-04-06 07:32:33,065:INFO:Declaring metric variables
2022-04-06 07:32:33,107:INFO:Importing untrained model
2022-04-06 07:32:33,149:INFO:Gradient Boosting Classifier Imported succesfully
2022-04-06 07:32:33,208:INFO:Starting cross validation
2022-04-06 07:32:33,211:INFO:Cross validating with StratifiedKFold(n_splits=10, random_state=None, shuffle=False), n_jobs=-1
2022-04-06 07:32:34,306:INFO:Calculating mean and std
2022-04-06 07:32:34,309:INFO:Creating metrics dataframe
2022-04-06 07:32:34,328:INFO:Uploading results into container
2022-04-06 07:32:34,328:INFO:Uploading model into container now
2022-04-06 07:32:34,328:INFO:create_model_container: 10
2022-04-06 07:32:34,328:INFO:master_model_container: 10
2022-04-06 07:32:34,328:INFO:display_container: 2
2022-04-06 07:32:34,328:INFO:GradientBoostingClassifier(ccp_alpha=0.0, criterion='friedman_mse', init=None,
                           learning_rate=0.1, loss='deviance', max_depth=3,
                           max_features=None, max_leaf_nodes=None,
                           min_impurity_decrease=0.0, min_impurity_split=None,
                           min_samples_leaf=1, min_samples_split=2,
                           min_weight_fraction_leaf=0.0, n_estimators=100,
                           n_iter_no_change=None, presort='deprecated',
                           random_state=123, subsample=1.0, tol=0.0001,
                           validation_fraction=0.1, verbose=0,
                           warm_start=False)
2022-04-06 07:32:34,328:INFO:create_model() succesfully completed......................................
2022-04-06 07:32:34,854:INFO:SubProcess create_model() end ==================================
2022-04-06 07:32:34,854:INFO:Creating metrics dataframe
2022-04-06 07:32:34,928:INFO:Initializing Linear Discriminant Analysis
2022-04-06 07:32:34,928:INFO:Total runtime is 0.664498527844747 minutes
2022-04-06 07:32:34,953:INFO:SubProcess create_model() called ==================================
2022-04-06 07:32:34,959:INFO:Initializing create_model()
2022-04-06 07:32:34,959:INFO:create_model(estimator=lda, fold=StratifiedKFold(n_splits=10, random_state=None, shuffle=False), round=4, cross_validation=True, predict=True, fit_kwargs={}, groups=None, refit=False, verbose=False, system=False, metrics=None, experiment_custom_tags=None, add_to_model_list=True, probability_threshold=None, display=<pycaret.internal.Display.Display object at 0x000001E7353B64C8>, return_train_score=False, kwargs={})
2022-04-06 07:32:34,961:INFO:Checking exceptions
2022-04-06 07:32:34,961:INFO:Importing libraries
2022-04-06 07:32:34,961:INFO:Copying training dataset
2022-04-06 07:32:34,964:INFO:Defining folds
2022-04-06 07:32:34,964:INFO:Declaring metric variables
2022-04-06 07:32:34,988:INFO:Importing untrained model
2022-04-06 07:32:35,018:INFO:Linear Discriminant Analysis Imported succesfully
2022-04-06 07:32:35,072:INFO:Starting cross validation
2022-04-06 07:32:35,072:INFO:Cross validating with StratifiedKFold(n_splits=10, random_state=None, shuffle=False), n_jobs=-1
2022-04-06 07:32:35,226:INFO:Calculating mean and std
2022-04-06 07:32:35,229:INFO:Creating metrics dataframe
2022-04-06 07:32:35,243:INFO:Uploading results into container
2022-04-06 07:32:35,243:INFO:Uploading model into container now
2022-04-06 07:32:35,248:INFO:create_model_container: 11
2022-04-06 07:32:35,248:INFO:master_model_container: 11
2022-04-06 07:32:35,248:INFO:display_container: 2
2022-04-06 07:32:35,248:INFO:LinearDiscriminantAnalysis(n_components=None, priors=None, shrinkage=None,
                           solver='svd', store_covariance=False, tol=0.0001)
2022-04-06 07:32:35,251:INFO:create_model() succesfully completed......................................
2022-04-06 07:32:35,758:INFO:SubProcess create_model() end ==================================
2022-04-06 07:32:35,758:INFO:Creating metrics dataframe
2022-04-06 07:32:35,828:INFO:Initializing Extra Trees Classifier
2022-04-06 07:32:35,828:INFO:Total runtime is 0.6794973850250244 minutes
2022-04-06 07:32:35,863:INFO:SubProcess create_model() called ==================================
2022-04-06 07:32:35,865:INFO:Initializing create_model()
2022-04-06 07:32:35,865:INFO:create_model(estimator=et, fold=StratifiedKFold(n_splits=10, random_state=None, shuffle=False), round=4, cross_validation=True, predict=True, fit_kwargs={}, groups=None, refit=False, verbose=False, system=False, metrics=None, experiment_custom_tags=None, add_to_model_list=True, probability_threshold=None, display=<pycaret.internal.Display.Display object at 0x000001E7353B64C8>, return_train_score=False, kwargs={})
2022-04-06 07:32:35,865:INFO:Checking exceptions
2022-04-06 07:32:35,865:INFO:Importing libraries
2022-04-06 07:32:35,865:INFO:Copying training dataset
2022-04-06 07:32:35,869:INFO:Defining folds
2022-04-06 07:32:35,869:INFO:Declaring metric variables
2022-04-06 07:32:35,894:INFO:Importing untrained model
2022-04-06 07:32:35,921:INFO:Extra Trees Classifier Imported succesfully
2022-04-06 07:32:35,977:INFO:Starting cross validation
2022-04-06 07:32:35,979:INFO:Cross validating with StratifiedKFold(n_splits=10, random_state=None, shuffle=False), n_jobs=-1
2022-04-06 07:32:38,108:INFO:Calculating mean and std
2022-04-06 07:32:38,110:INFO:Creating metrics dataframe
2022-04-06 07:32:38,128:INFO:Uploading results into container
2022-04-06 07:32:38,133:INFO:Uploading model into container now
2022-04-06 07:32:38,133:INFO:create_model_container: 12
2022-04-06 07:32:38,134:INFO:master_model_container: 12
2022-04-06 07:32:38,134:INFO:display_container: 2
2022-04-06 07:32:38,134:INFO:ExtraTreesClassifier(bootstrap=False, ccp_alpha=0.0, class_weight=None,
                     criterion='gini', max_depth=None, max_features='auto',
                     max_leaf_nodes=None, max_samples=None,
                     min_impurity_decrease=0.0, min_impurity_split=None,
                     min_samples_leaf=1, min_samples_split=2,
                     min_weight_fraction_leaf=0.0, n_estimators=100, n_jobs=-1,
                     oob_score=False, random_state=123, verbose=0,
                     warm_start=False)
2022-04-06 07:32:38,134:INFO:create_model() succesfully completed......................................
2022-04-06 07:32:38,679:INFO:SubProcess create_model() end ==================================
2022-04-06 07:32:38,679:INFO:Creating metrics dataframe
2022-04-06 07:32:38,753:INFO:Initializing Light Gradient Boosting Machine
2022-04-06 07:32:38,753:INFO:Total runtime is 0.7282475709915162 minutes
2022-04-06 07:32:38,785:INFO:SubProcess create_model() called ==================================
2022-04-06 07:32:38,785:INFO:Initializing create_model()
2022-04-06 07:32:38,785:INFO:create_model(estimator=lightgbm, fold=StratifiedKFold(n_splits=10, random_state=None, shuffle=False), round=4, cross_validation=True, predict=True, fit_kwargs={}, groups=None, refit=False, verbose=False, system=False, metrics=None, experiment_custom_tags=None, add_to_model_list=True, probability_threshold=None, display=<pycaret.internal.Display.Display object at 0x000001E7353B64C8>, return_train_score=False, kwargs={})
2022-04-06 07:32:38,785:INFO:Checking exceptions
2022-04-06 07:32:38,785:INFO:Importing libraries
2022-04-06 07:32:38,785:INFO:Copying training dataset
2022-04-06 07:32:38,790:INFO:Defining folds
2022-04-06 07:32:38,790:INFO:Declaring metric variables
2022-04-06 07:32:38,818:INFO:Importing untrained model
2022-04-06 07:32:38,842:INFO:Light Gradient Boosting Machine Imported succesfully
2022-04-06 07:32:38,908:INFO:Starting cross validation
2022-04-06 07:32:38,908:INFO:Cross validating with StratifiedKFold(n_splits=10, random_state=None, shuffle=False), n_jobs=-1
2022-04-06 07:32:39,439:INFO:Calculating mean and std
2022-04-06 07:32:39,444:INFO:Creating metrics dataframe
2022-04-06 07:32:39,460:INFO:Uploading results into container
2022-04-06 07:32:39,464:INFO:Uploading model into container now
2022-04-06 07:32:39,464:INFO:create_model_container: 13
2022-04-06 07:32:39,464:INFO:master_model_container: 13
2022-04-06 07:32:39,464:INFO:display_container: 2
2022-04-06 07:32:39,464:INFO:LGBMClassifier(boosting_type='gbdt', class_weight=None, colsample_bytree=1.0,
               importance_type='split', learning_rate=0.1, max_depth=-1,
               min_child_samples=20, min_child_weight=0.001, min_split_gain=0.0,
               n_estimators=100, n_jobs=-1, num_leaves=31, objective=None,
               random_state=123, reg_alpha=0.0, reg_lambda=0.0, silent='warn',
               subsample=1.0, subsample_for_bin=200000, subsample_freq=0)
2022-04-06 07:32:39,464:INFO:create_model() succesfully completed......................................
2022-04-06 07:32:39,965:INFO:SubProcess create_model() end ==================================
2022-04-06 07:32:39,965:INFO:Creating metrics dataframe
2022-04-06 07:32:40,029:INFO:Initializing Dummy Classifier
2022-04-06 07:32:40,029:INFO:Total runtime is 0.7495020230611166 minutes
2022-04-06 07:32:40,069:INFO:SubProcess create_model() called ==================================
2022-04-06 07:32:40,069:INFO:Initializing create_model()
2022-04-06 07:32:40,069:INFO:create_model(estimator=dummy, fold=StratifiedKFold(n_splits=10, random_state=None, shuffle=False), round=4, cross_validation=True, predict=True, fit_kwargs={}, groups=None, refit=False, verbose=False, system=False, metrics=None, experiment_custom_tags=None, add_to_model_list=True, probability_threshold=None, display=<pycaret.internal.Display.Display object at 0x000001E7353B64C8>, return_train_score=False, kwargs={})
2022-04-06 07:32:40,069:INFO:Checking exceptions
2022-04-06 07:32:40,069:INFO:Importing libraries
2022-04-06 07:32:40,069:INFO:Copying training dataset
2022-04-06 07:32:40,079:INFO:Defining folds
2022-04-06 07:32:40,079:INFO:Declaring metric variables
2022-04-06 07:32:40,118:INFO:Importing untrained model
2022-04-06 07:32:40,154:INFO:Dummy Classifier Imported succesfully
2022-04-06 07:32:40,212:INFO:Starting cross validation
2022-04-06 07:32:40,212:INFO:Cross validating with StratifiedKFold(n_splits=10, random_state=None, shuffle=False), n_jobs=-1
2022-04-06 07:32:40,353:INFO:Calculating mean and std
2022-04-06 07:32:40,356:INFO:Creating metrics dataframe
2022-04-06 07:32:40,369:INFO:Uploading results into container
2022-04-06 07:32:40,373:INFO:Uploading model into container now
2022-04-06 07:32:40,373:INFO:create_model_container: 14
2022-04-06 07:32:40,373:INFO:master_model_container: 14
2022-04-06 07:32:40,373:INFO:display_container: 2
2022-04-06 07:32:40,373:INFO:DummyClassifier(constant=None, random_state=123, strategy='prior')
2022-04-06 07:32:40,373:INFO:create_model() succesfully completed......................................
2022-04-06 07:32:40,860:INFO:SubProcess create_model() end ==================================
2022-04-06 07:32:40,860:INFO:Creating metrics dataframe
2022-04-06 07:32:41,004:INFO:Initializing create_model()
2022-04-06 07:32:41,004:INFO:create_model(estimator=KNeighborsClassifier(algorithm='auto', leaf_size=30, metric='minkowski',
                     metric_params=None, n_jobs=-1, n_neighbors=5, p=2,
                     weights='uniform'), fold=StratifiedKFold(n_splits=10, random_state=None, shuffle=False), round=4, cross_validation=False, predict=False, fit_kwargs={}, groups=None, refit=True, verbose=False, system=False, metrics=None, experiment_custom_tags=None, add_to_model_list=True, probability_threshold=None, display=None, return_train_score=False, kwargs={})
2022-04-06 07:32:41,004:INFO:Checking exceptions
2022-04-06 07:32:41,004:INFO:Importing libraries
2022-04-06 07:32:41,004:INFO:Copying training dataset
2022-04-06 07:32:41,004:INFO:Defining folds
2022-04-06 07:32:41,004:INFO:Declaring metric variables
2022-04-06 07:32:41,015:INFO:Importing untrained model
2022-04-06 07:32:41,015:INFO:Declaring custom model
2022-04-06 07:32:41,019:INFO:K Neighbors Classifier Imported succesfully
2022-04-06 07:32:41,019:INFO:Cross validation set to False
2022-04-06 07:32:41,019:INFO:Fitting Model
2022-04-06 07:32:41,039:INFO:KNeighborsClassifier(algorithm='auto', leaf_size=30, metric='minkowski',
                     metric_params=None, n_jobs=-1, n_neighbors=5, p=2,
                     weights='uniform')
2022-04-06 07:32:41,039:INFO:create_models() succesfully completed......................................
2022-04-06 07:32:41,683:INFO:create_model_container: 14
2022-04-06 07:32:41,689:INFO:master_model_container: 14
2022-04-06 07:32:41,689:INFO:display_container: 2
2022-04-06 07:32:41,689:INFO:KNeighborsClassifier(algorithm='auto', leaf_size=30, metric='minkowski',
                     metric_params=None, n_jobs=-1, n_neighbors=5, p=2,
                     weights='uniform')
2022-04-06 07:32:41,692:INFO:compare_models() succesfully completed......................................
2022-04-06 07:41:59,520:INFO:PyCaret Supervised Module
2022-04-06 07:41:59,520:INFO:ML Usecase: classification
2022-04-06 07:41:59,520:INFO:version 2.3.9
2022-04-06 07:41:59,520:INFO:Initializing setup()
2022-04-06 07:41:59,520:INFO:setup(target=Occupancy, ml_usecase=classification, available_plots={'parameter': 'Hyperparameters', 'auc': 'AUC', 'confusion_matrix': 'Confusion Matrix', 'threshold': 'Threshold', 'pr': 'Precision Recall', 'error': 'Prediction Error', 'class_report': 'Class Report', 'rfe': 'Feature Selection', 'learning': 'Learning Curve', 'manifold': 'Manifold Learning', 'calibration': 'Calibration Curve', 'vc': 'Validation Curve', 'dimension': 'Dimensions', 'feature': 'Feature Importance', 'feature_all': 'Feature Importance (All)', 'boundary': 'Decision Boundary', 'lift': 'Lift Chart', 'gain': 'Gain Chart', 'tree': 'Decision Tree', 'ks': 'KS Statistic Plot'}, train_size=0.7, test_data=None, preprocess=True, imputation_type=simple, iterative_imputation_iters=5, categorical_features=None, categorical_imputation=constant, categorical_iterative_imputer=lightgbm, ordinal_features=None, high_cardinality_features=None, high_cardinality_method=frequency, numeric_features=None, numeric_imputation=mean, numeric_iterative_imputer=lightgbm, date_features=None, ignore_features=None, normalize=False, normalize_method=zscore, transformation=False, transformation_method=yeo-johnson, handle_unknown_categorical=True, unknown_categorical_method=least_frequent, pca=False, pca_method=linear, pca_components=None, ignore_low_variance=False, combine_rare_levels=False, rare_level_threshold=0.1, bin_numeric_features=None, remove_outliers=False, outliers_threshold=0.05, remove_multicollinearity=False, multicollinearity_threshold=0.9, remove_perfect_collinearity=True, create_clusters=False, cluster_iter=20, polynomial_features=False, polynomial_degree=2, trigonometry_features=False, polynomial_threshold=0.1, group_features=None, group_names=None, feature_selection=False, feature_selection_threshold=0.8, feature_selection_method=classic, feature_interaction=False, feature_ratio=False, interaction_threshold=0.01, fix_imbalance=False, fix_imbalance_method=None, transform_target=False, transform_target_method=box-cox, data_split_shuffle=True, data_split_stratify=False, fold_strategy=stratifiedkfold, fold=10, fold_shuffle=False, fold_groups=None, n_jobs=-1, use_gpu=False, custom_pipeline=None, html=True, session_id=123, log_experiment=False, experiment_name=None, experiment_custom_tags=None, log_plots=False, log_profile=False, log_data=False, silent=False, verbose=True, profile=False, profile_kwargs=None, display=None)
2022-04-06 07:41:59,520:INFO:Checking environment
2022-04-06 07:41:59,520:INFO:python_version: 3.7.9
2022-04-06 07:41:59,523:INFO:python_build: ('tags/v3.7.9:13c94747c7', 'Aug 17 2020 18:58:18')
2022-04-06 07:41:59,523:INFO:machine: AMD64
2022-04-06 07:41:59,523:INFO:platform: Windows-10-10.0.22000-SP0
2022-04-06 07:41:59,524:INFO:Memory: svmem(total=16905965568, available=4899590144, percent=71.0, used=12006375424, free=4899590144)
2022-04-06 07:41:59,524:INFO:Physical Core: 8
2022-04-06 07:41:59,524:INFO:Logical Core: 16
2022-04-06 07:41:59,524:INFO:Checking libraries
2022-04-06 07:41:59,524:INFO:pd==1.3.5
2022-04-06 07:41:59,524:INFO:numpy==1.19.5
2022-04-06 07:41:59,524:INFO:sklearn==0.23.2
2022-04-06 07:41:59,524:INFO:lightgbm==3.3.2
2022-04-06 07:41:59,528:WARNING:catboost not found
2022-04-06 07:41:59,528:WARNING:xgboost not found
2022-04-06 07:41:59,528:INFO:mlflow==1.24.0
2022-04-06 07:41:59,528:INFO:Checking Exceptions
2022-04-06 07:41:59,528:INFO:Declaring global variables
2022-04-06 07:41:59,528:INFO:USI: 8aa0
2022-04-06 07:41:59,528:INFO:pycaret_globals: {'fold_groups_param', 'USI', '_available_plots', 'y_test', 'create_model_container', 'experiment__', 'X', 'target_param', 'master_model_container', '_all_metrics', 'html_param', 'imputation_regressor', 'prep_pipe', 'transform_target_param', 'display_container', '_all_models_internal', 'fold_generator', 'pycaret_globals', 'transform_target_method_param', 'gpu_param', 'fix_imbalance_method_param', 'X_train', 'fold_param', 'y_train', '_all_models', 'X_test', 'stratify_param', 'data_before_preprocess', 'exp_name_log', '_ml_usecase', '_gpu_n_jobs_param', 'logging_param', 'y', 'iterative_imputation_iters_param', 'imputation_classifier', 'seed', 'log_plots_param', 'fold_shuffle_param', '_internal_pipeline', 'dashboard_logger', 'n_jobs_param', 'fold_groups_param_full', 'fix_imbalance_param'}
2022-04-06 07:41:59,528:INFO:Preparing display monitor
2022-04-06 07:41:59,528:INFO:Preparing display monitor
2022-04-06 07:41:59,573:INFO:Importing libraries
2022-04-06 07:41:59,576:INFO:Copying data for preprocessing
2022-04-06 07:41:59,602:INFO:Declaring preprocessing parameters
2022-04-06 07:41:59,602:INFO:Creating preprocessing pipeline
2022-04-06 07:41:59,623:INFO:Preprocessing pipeline created successfully
2022-04-06 07:41:59,624:ERROR:(Process Exit): setup has been interupted with user command 'quit'. setup must rerun.
2022-04-06 07:41:59,624:INFO:Creating global containers
2022-04-06 07:41:59,628:INFO:Internal pipeline: Pipeline(memory=None, steps=[('empty_step', 'passthrough')], verbose=False)
2022-04-06 07:42:13,000:WARNING:Couldn't import xgboost.XGBClassifier
2022-04-06 07:42:13,000:WARNING:Couldn't import catboost.CatBoostClassifier
2022-04-06 07:42:13,348:WARNING:Couldn't import xgboost.XGBClassifier
2022-04-06 07:42:13,353:WARNING:Couldn't import catboost.CatBoostClassifier
2022-04-06 07:42:13,353:INFO:Creating grid variables
2022-04-06 07:42:13,392:INFO:create_model_container: 0
2022-04-06 07:42:13,392:INFO:master_model_container: 0
2022-04-06 07:42:13,392:INFO:display_container: 1
2022-04-06 07:42:13,418:INFO:Pipeline(memory=None,
         steps=[('dtypes',
                 DataTypes_Auto_infer(categorical_features=[],
                                      display_types=True, features_todrop=[],
                                      id_columns=[],
                                      ml_usecase='classification',
                                      numerical_features=[], target='Occupancy',
                                      time_features=[])),
                ('imputer',
                 Simple_Imputer(categorical_strategy='not_available',
                                fill_value_categorical=None,
                                fill_value_numerical=None,
                                numeric_st...
                ('scaling', 'passthrough'), ('P_transform', 'passthrough'),
                ('binn', 'passthrough'), ('rem_outliers', 'passthrough'),
                ('cluster_all', 'passthrough'),
                ('dummy', Dummify(target='Occupancy')),
                ('fix_perfect', Remove_100(target='Occupancy')),
                ('clean_names', Clean_Colum_Names()),
                ('feature_select', 'passthrough'), ('fix_multi', 'passthrough'),
                ('dfs', 'passthrough'), ('pca', 'passthrough')],
         verbose=False)
2022-04-06 07:42:13,418:INFO:setup() succesfully completed......................................
2022-04-06 07:42:24,214:INFO:Initializing compare_models()
2022-04-06 07:42:24,214:INFO:compare_models(include=None, fold=None, round=4, cross_validation=True, sort=Accuracy, n_select=1, budget_time=None, turbo=True, errors=ignore, fit_kwargs=None, groups=None, experiment_custom_tags=None, probability_threshold=None, verbose=True, display=None, exclude=None)
2022-04-06 07:42:24,214:INFO:Checking exceptions
2022-04-06 07:42:24,218:INFO:Preparing display monitor
2022-04-06 07:42:24,218:INFO:Preparing display monitor
2022-04-06 07:42:24,314:INFO:Initializing Logistic Regression
2022-04-06 07:42:24,318:INFO:Total runtime is 6.881952285766601e-05 minutes
2022-04-06 07:42:24,348:INFO:SubProcess create_model() called ==================================
2022-04-06 07:42:24,352:INFO:Initializing create_model()
2022-04-06 07:42:24,352:INFO:create_model(estimator=lr, fold=StratifiedKFold(n_splits=10, random_state=None, shuffle=False), round=4, cross_validation=True, predict=True, fit_kwargs={}, groups=None, refit=False, verbose=False, system=False, metrics=None, experiment_custom_tags=None, add_to_model_list=True, probability_threshold=None, display=<pycaret.internal.Display.Display object at 0x000001DF3A96A488>, return_train_score=False, kwargs={})
2022-04-06 07:42:24,352:INFO:Checking exceptions
2022-04-06 07:42:24,352:INFO:Importing libraries
2022-04-06 07:42:24,352:INFO:Copying training dataset
2022-04-06 07:42:24,358:INFO:Defining folds
2022-04-06 07:42:24,358:INFO:Declaring metric variables
2022-04-06 07:42:24,384:INFO:Importing untrained model
2022-04-06 07:42:24,413:INFO:Logistic Regression Imported succesfully
2022-04-06 07:42:24,468:INFO:Starting cross validation
2022-04-06 07:42:24,473:INFO:Cross validating with StratifiedKFold(n_splits=10, random_state=None, shuffle=False), n_jobs=-1
2022-04-06 07:42:41,508:INFO:Calculating mean and std
2022-04-06 07:42:41,513:INFO:Creating metrics dataframe
2022-04-06 07:42:41,538:INFO:Uploading results into container
2022-04-06 07:42:41,538:INFO:Uploading model into container now
2022-04-06 07:42:41,538:INFO:create_model_container: 1
2022-04-06 07:42:41,538:INFO:master_model_container: 1
2022-04-06 07:42:41,538:INFO:display_container: 2
2022-04-06 07:42:41,538:INFO:LogisticRegression(C=1.0, class_weight=None, dual=False, fit_intercept=True,
                   intercept_scaling=1, l1_ratio=None, max_iter=1000,
                   multi_class='auto', n_jobs=None, penalty='l2',
                   random_state=123, solver='lbfgs', tol=0.0001, verbose=0,
                   warm_start=False)
2022-04-06 07:42:41,538:INFO:create_model() succesfully completed......................................
2022-04-06 07:42:41,961:INFO:SubProcess create_model() end ==================================
2022-04-06 07:42:41,962:INFO:Creating metrics dataframe
2022-04-06 07:42:42,013:INFO:Initializing K Neighbors Classifier
2022-04-06 07:42:42,018:INFO:Total runtime is 0.2950633645057678 minutes
2022-04-06 07:42:42,048:INFO:SubProcess create_model() called ==================================
2022-04-06 07:42:42,052:INFO:Initializing create_model()
2022-04-06 07:42:42,052:INFO:create_model(estimator=knn, fold=StratifiedKFold(n_splits=10, random_state=None, shuffle=False), round=4, cross_validation=True, predict=True, fit_kwargs={}, groups=None, refit=False, verbose=False, system=False, metrics=None, experiment_custom_tags=None, add_to_model_list=True, probability_threshold=None, display=<pycaret.internal.Display.Display object at 0x000001DF3A96A488>, return_train_score=False, kwargs={})
2022-04-06 07:42:42,052:INFO:Checking exceptions
2022-04-06 07:42:42,052:INFO:Importing libraries
2022-04-06 07:42:42,052:INFO:Copying training dataset
2022-04-06 07:42:42,052:INFO:Defining folds
2022-04-06 07:42:42,052:INFO:Declaring metric variables
2022-04-06 07:42:42,085:INFO:Importing untrained model
2022-04-06 07:42:42,118:INFO:K Neighbors Classifier Imported succesfully
2022-04-06 07:42:42,183:INFO:Starting cross validation
2022-04-06 07:42:42,188:INFO:Cross validating with StratifiedKFold(n_splits=10, random_state=None, shuffle=False), n_jobs=-1
2022-04-06 07:42:51,613:INFO:Calculating mean and std
2022-04-06 07:42:51,618:INFO:Creating metrics dataframe
2022-04-06 07:42:51,638:INFO:Uploading results into container
2022-04-06 07:42:51,638:INFO:Uploading model into container now
2022-04-06 07:42:51,641:INFO:create_model_container: 2
2022-04-06 07:42:51,641:INFO:master_model_container: 2
2022-04-06 07:42:51,641:INFO:display_container: 2
2022-04-06 07:42:51,643:INFO:KNeighborsClassifier(algorithm='auto', leaf_size=30, metric='minkowski',
                     metric_params=None, n_jobs=-1, n_neighbors=5, p=2,
                     weights='uniform')
2022-04-06 07:42:51,643:INFO:create_model() succesfully completed......................................
2022-04-06 07:42:52,048:INFO:SubProcess create_model() end ==================================
2022-04-06 07:42:52,050:INFO:Creating metrics dataframe
2022-04-06 07:42:52,108:INFO:Initializing Naive Bayes
2022-04-06 07:42:52,108:INFO:Total runtime is 0.46323140859603884 minutes
2022-04-06 07:42:52,143:INFO:SubProcess create_model() called ==================================
2022-04-06 07:42:52,143:INFO:Initializing create_model()
2022-04-06 07:42:52,143:INFO:create_model(estimator=nb, fold=StratifiedKFold(n_splits=10, random_state=None, shuffle=False), round=4, cross_validation=True, predict=True, fit_kwargs={}, groups=None, refit=False, verbose=False, system=False, metrics=None, experiment_custom_tags=None, add_to_model_list=True, probability_threshold=None, display=<pycaret.internal.Display.Display object at 0x000001DF3A96A488>, return_train_score=False, kwargs={})
2022-04-06 07:42:52,143:INFO:Checking exceptions
2022-04-06 07:42:52,143:INFO:Importing libraries
2022-04-06 07:42:52,148:INFO:Copying training dataset
2022-04-06 07:42:52,148:INFO:Defining folds
2022-04-06 07:42:52,148:INFO:Declaring metric variables
2022-04-06 07:42:52,188:INFO:Importing untrained model
2022-04-06 07:42:52,214:INFO:Naive Bayes Imported succesfully
2022-04-06 07:42:52,273:INFO:Starting cross validation
2022-04-06 07:42:52,278:INFO:Cross validating with StratifiedKFold(n_splits=10, random_state=None, shuffle=False), n_jobs=-1
2022-04-06 07:42:52,425:INFO:Calculating mean and std
2022-04-06 07:42:52,428:INFO:Creating metrics dataframe
2022-04-06 07:42:52,442:INFO:Uploading results into container
2022-04-06 07:42:52,442:INFO:Uploading model into container now
2022-04-06 07:42:52,442:INFO:create_model_container: 3
2022-04-06 07:42:52,442:INFO:master_model_container: 3
2022-04-06 07:42:52,442:INFO:display_container: 2
2022-04-06 07:42:52,442:INFO:GaussianNB(priors=None, var_smoothing=1e-09)
2022-04-06 07:42:52,448:INFO:create_model() succesfully completed......................................
2022-04-06 07:42:52,854:INFO:SubProcess create_model() end ==================================
2022-04-06 07:42:52,854:INFO:Creating metrics dataframe
2022-04-06 07:42:52,926:INFO:Initializing Decision Tree Classifier
2022-04-06 07:42:52,926:INFO:Total runtime is 0.476872193813324 minutes
2022-04-06 07:42:52,959:INFO:SubProcess create_model() called ==================================
2022-04-06 07:42:52,959:INFO:Initializing create_model()
2022-04-06 07:42:52,959:INFO:create_model(estimator=dt, fold=StratifiedKFold(n_splits=10, random_state=None, shuffle=False), round=4, cross_validation=True, predict=True, fit_kwargs={}, groups=None, refit=False, verbose=False, system=False, metrics=None, experiment_custom_tags=None, add_to_model_list=True, probability_threshold=None, display=<pycaret.internal.Display.Display object at 0x000001DF3A96A488>, return_train_score=False, kwargs={})
2022-04-06 07:42:52,959:INFO:Checking exceptions
2022-04-06 07:42:52,968:INFO:Importing libraries
2022-04-06 07:42:52,968:INFO:Copying training dataset
2022-04-06 07:42:52,968:INFO:Defining folds
2022-04-06 07:42:52,968:INFO:Declaring metric variables
2022-04-06 07:42:53,002:INFO:Importing untrained model
2022-04-06 07:42:53,043:INFO:Decision Tree Classifier Imported succesfully
2022-04-06 07:42:53,098:INFO:Starting cross validation
2022-04-06 07:42:53,103:INFO:Cross validating with StratifiedKFold(n_splits=10, random_state=None, shuffle=False), n_jobs=-1
2022-04-06 07:42:53,248:INFO:Calculating mean and std
2022-04-06 07:42:53,255:INFO:Creating metrics dataframe
2022-04-06 07:42:53,268:INFO:Uploading results into container
2022-04-06 07:42:53,271:INFO:Uploading model into container now
2022-04-06 07:42:53,271:INFO:create_model_container: 4
2022-04-06 07:42:53,271:INFO:master_model_container: 4
2022-04-06 07:42:53,271:INFO:display_container: 2
2022-04-06 07:42:53,273:INFO:DecisionTreeClassifier(ccp_alpha=0.0, class_weight=None, criterion='gini',
                       max_depth=None, max_features=None, max_leaf_nodes=None,
                       min_impurity_decrease=0.0, min_impurity_split=None,
                       min_samples_leaf=1, min_samples_split=2,
                       min_weight_fraction_leaf=0.0, presort='deprecated',
                       random_state=123, splitter='best')
2022-04-06 07:42:53,273:INFO:create_model() succesfully completed......................................
2022-04-06 07:42:53,678:INFO:SubProcess create_model() end ==================================
2022-04-06 07:42:53,682:INFO:Creating metrics dataframe
2022-04-06 07:42:53,733:INFO:Initializing SVM - Linear Kernel
2022-04-06 07:42:53,733:INFO:Total runtime is 0.49031552076339724 minutes
2022-04-06 07:42:53,773:INFO:SubProcess create_model() called ==================================
2022-04-06 07:42:53,773:INFO:Initializing create_model()
2022-04-06 07:42:53,773:INFO:create_model(estimator=svm, fold=StratifiedKFold(n_splits=10, random_state=None, shuffle=False), round=4, cross_validation=True, predict=True, fit_kwargs={}, groups=None, refit=False, verbose=False, system=False, metrics=None, experiment_custom_tags=None, add_to_model_list=True, probability_threshold=None, display=<pycaret.internal.Display.Display object at 0x000001DF3A96A488>, return_train_score=False, kwargs={})
2022-04-06 07:42:53,773:INFO:Checking exceptions
2022-04-06 07:42:53,778:INFO:Importing libraries
2022-04-06 07:42:53,778:INFO:Copying training dataset
2022-04-06 07:42:53,780:INFO:Defining folds
2022-04-06 07:42:53,780:INFO:Declaring metric variables
2022-04-06 07:42:53,803:INFO:Importing untrained model
2022-04-06 07:42:53,843:INFO:SVM - Linear Kernel Imported succesfully
2022-04-06 07:42:53,900:INFO:Starting cross validation
2022-04-06 07:42:53,903:INFO:Cross validating with StratifiedKFold(n_splits=10, random_state=None, shuffle=False), n_jobs=-1
2022-04-06 07:42:54,098:INFO:Calculating mean and std
2022-04-06 07:42:54,098:INFO:Creating metrics dataframe
2022-04-06 07:42:54,112:INFO:Uploading results into container
2022-04-06 07:42:54,112:INFO:Uploading model into container now
2022-04-06 07:42:54,118:INFO:create_model_container: 5
2022-04-06 07:42:54,118:INFO:master_model_container: 5
2022-04-06 07:42:54,118:INFO:display_container: 2
2022-04-06 07:42:54,118:INFO:SGDClassifier(alpha=0.0001, average=False, class_weight=None,
              early_stopping=False, epsilon=0.1, eta0=0.001, fit_intercept=True,
              l1_ratio=0.15, learning_rate='optimal', loss='hinge',
              max_iter=1000, n_iter_no_change=5, n_jobs=-1, penalty='l2',
              power_t=0.5, random_state=123, shuffle=True, tol=0.001,
              validation_fraction=0.1, verbose=0, warm_start=False)
2022-04-06 07:42:54,118:INFO:create_model() succesfully completed......................................
2022-04-06 07:42:54,541:INFO:SubProcess create_model() end ==================================
2022-04-06 07:42:54,541:INFO:Creating metrics dataframe
2022-04-06 07:42:54,598:INFO:Initializing Ridge Classifier
2022-04-06 07:42:54,598:INFO:Total runtime is 0.5047361056009929 minutes
2022-04-06 07:42:54,634:INFO:SubProcess create_model() called ==================================
2022-04-06 07:42:54,634:INFO:Initializing create_model()
2022-04-06 07:42:54,634:INFO:create_model(estimator=ridge, fold=StratifiedKFold(n_splits=10, random_state=None, shuffle=False), round=4, cross_validation=True, predict=True, fit_kwargs={}, groups=None, refit=False, verbose=False, system=False, metrics=None, experiment_custom_tags=None, add_to_model_list=True, probability_threshold=None, display=<pycaret.internal.Display.Display object at 0x000001DF3A96A488>, return_train_score=False, kwargs={})
2022-04-06 07:42:54,634:INFO:Checking exceptions
2022-04-06 07:42:54,634:INFO:Importing libraries
2022-04-06 07:42:54,638:INFO:Copying training dataset
2022-04-06 07:42:54,640:INFO:Defining folds
2022-04-06 07:42:54,640:INFO:Declaring metric variables
2022-04-06 07:42:54,662:INFO:Importing untrained model
2022-04-06 07:42:54,693:INFO:Ridge Classifier Imported succesfully
2022-04-06 07:42:54,751:INFO:Starting cross validation
2022-04-06 07:42:54,754:INFO:Cross validating with StratifiedKFold(n_splits=10, random_state=None, shuffle=False), n_jobs=-1
2022-04-06 07:42:54,908:INFO:Calculating mean and std
2022-04-06 07:42:54,913:INFO:Creating metrics dataframe
2022-04-06 07:42:54,932:INFO:Uploading results into container
2022-04-06 07:42:54,932:INFO:Uploading model into container now
2022-04-06 07:42:54,932:INFO:create_model_container: 6
2022-04-06 07:42:54,932:INFO:master_model_container: 6
2022-04-06 07:42:54,932:INFO:display_container: 2
2022-04-06 07:42:54,937:INFO:RidgeClassifier(alpha=1.0, class_weight=None, copy_X=True, fit_intercept=True,
                max_iter=None, normalize=False, random_state=123, solver='auto',
                tol=0.001)
2022-04-06 07:42:54,937:INFO:create_model() succesfully completed......................................
2022-04-06 07:42:55,360:INFO:SubProcess create_model() end ==================================
2022-04-06 07:42:55,360:INFO:Creating metrics dataframe
2022-04-06 07:42:55,418:INFO:Initializing Random Forest Classifier
2022-04-06 07:42:55,418:INFO:Total runtime is 0.5183972875277202 minutes
2022-04-06 07:42:55,448:INFO:SubProcess create_model() called ==================================
2022-04-06 07:42:55,448:INFO:Initializing create_model()
2022-04-06 07:42:55,448:INFO:create_model(estimator=rf, fold=StratifiedKFold(n_splits=10, random_state=None, shuffle=False), round=4, cross_validation=True, predict=True, fit_kwargs={}, groups=None, refit=False, verbose=False, system=False, metrics=None, experiment_custom_tags=None, add_to_model_list=True, probability_threshold=None, display=<pycaret.internal.Display.Display object at 0x000001DF3A96A488>, return_train_score=False, kwargs={})
2022-04-06 07:42:55,448:INFO:Checking exceptions
2022-04-06 07:42:55,448:INFO:Importing libraries
2022-04-06 07:42:55,448:INFO:Copying training dataset
2022-04-06 07:42:55,448:INFO:Defining folds
2022-04-06 07:42:55,448:INFO:Declaring metric variables
2022-04-06 07:42:55,478:INFO:Importing untrained model
2022-04-06 07:42:55,511:INFO:Random Forest Classifier Imported succesfully
2022-04-06 07:42:55,568:INFO:Starting cross validation
2022-04-06 07:42:55,573:INFO:Cross validating with StratifiedKFold(n_splits=10, random_state=None, shuffle=False), n_jobs=-1
2022-04-06 07:42:57,734:INFO:Calculating mean and std
2022-04-06 07:42:57,738:INFO:Creating metrics dataframe
2022-04-06 07:42:57,763:INFO:Uploading results into container
2022-04-06 07:42:57,763:INFO:Uploading model into container now
2022-04-06 07:42:57,763:INFO:create_model_container: 7
2022-04-06 07:42:57,763:INFO:master_model_container: 7
2022-04-06 07:42:57,768:INFO:display_container: 2
2022-04-06 07:42:57,771:INFO:RandomForestClassifier(bootstrap=True, ccp_alpha=0.0, class_weight=None,
                       criterion='gini', max_depth=None, max_features='auto',
                       max_leaf_nodes=None, max_samples=None,
                       min_impurity_decrease=0.0, min_impurity_split=None,
                       min_samples_leaf=1, min_samples_split=2,
                       min_weight_fraction_leaf=0.0, n_estimators=100,
                       n_jobs=-1, oob_score=False, random_state=123, verbose=0,
                       warm_start=False)
2022-04-06 07:42:57,771:INFO:create_model() succesfully completed......................................
2022-04-06 07:42:58,188:INFO:SubProcess create_model() end ==================================
2022-04-06 07:42:58,190:INFO:Creating metrics dataframe
2022-04-06 07:42:58,258:INFO:Initializing Quadratic Discriminant Analysis
2022-04-06 07:42:58,258:INFO:Total runtime is 0.5657352765401205 minutes
2022-04-06 07:42:58,293:INFO:SubProcess create_model() called ==================================
2022-04-06 07:42:58,293:INFO:Initializing create_model()
2022-04-06 07:42:58,293:INFO:create_model(estimator=qda, fold=StratifiedKFold(n_splits=10, random_state=None, shuffle=False), round=4, cross_validation=True, predict=True, fit_kwargs={}, groups=None, refit=False, verbose=False, system=False, metrics=None, experiment_custom_tags=None, add_to_model_list=True, probability_threshold=None, display=<pycaret.internal.Display.Display object at 0x000001DF3A96A488>, return_train_score=False, kwargs={})
2022-04-06 07:42:58,293:INFO:Checking exceptions
2022-04-06 07:42:58,293:INFO:Importing libraries
2022-04-06 07:42:58,293:INFO:Copying training dataset
2022-04-06 07:42:58,298:INFO:Defining folds
2022-04-06 07:42:58,298:INFO:Declaring metric variables
2022-04-06 07:42:58,334:INFO:Importing untrained model
2022-04-06 07:42:58,366:INFO:Quadratic Discriminant Analysis Imported succesfully
2022-04-06 07:42:58,422:INFO:Starting cross validation
2022-04-06 07:42:58,428:INFO:Cross validating with StratifiedKFold(n_splits=10, random_state=None, shuffle=False), n_jobs=-1
2022-04-06 07:42:58,614:INFO:Calculating mean and std
2022-04-06 07:42:58,618:INFO:Creating metrics dataframe
2022-04-06 07:42:58,633:INFO:Uploading results into container
2022-04-06 07:42:58,633:INFO:Uploading model into container now
2022-04-06 07:42:58,633:INFO:create_model_container: 8
2022-04-06 07:42:58,633:INFO:master_model_container: 8
2022-04-06 07:42:58,633:INFO:display_container: 2
2022-04-06 07:42:58,636:INFO:QuadraticDiscriminantAnalysis(priors=None, reg_param=0.0,
                              store_covariance=False, tol=0.0001)
2022-04-06 07:42:58,636:INFO:create_model() succesfully completed......................................
2022-04-06 07:42:59,028:INFO:SubProcess create_model() end ==================================
2022-04-06 07:42:59,028:INFO:Creating metrics dataframe
2022-04-06 07:42:59,078:INFO:Initializing Ada Boost Classifier
2022-04-06 07:42:59,078:INFO:Total runtime is 0.5793976267178853 minutes
2022-04-06 07:42:59,116:INFO:SubProcess create_model() called ==================================
2022-04-06 07:42:59,118:INFO:Initializing create_model()
2022-04-06 07:42:59,118:INFO:create_model(estimator=ada, fold=StratifiedKFold(n_splits=10, random_state=None, shuffle=False), round=4, cross_validation=True, predict=True, fit_kwargs={}, groups=None, refit=False, verbose=False, system=False, metrics=None, experiment_custom_tags=None, add_to_model_list=True, probability_threshold=None, display=<pycaret.internal.Display.Display object at 0x000001DF3A96A488>, return_train_score=False, kwargs={})
2022-04-06 07:42:59,118:INFO:Checking exceptions
2022-04-06 07:42:59,118:INFO:Importing libraries
2022-04-06 07:42:59,118:INFO:Copying training dataset
2022-04-06 07:42:59,123:INFO:Defining folds
2022-04-06 07:42:59,123:INFO:Declaring metric variables
2022-04-06 07:42:59,148:INFO:Importing untrained model
2022-04-06 07:42:59,178:INFO:Ada Boost Classifier Imported succesfully
2022-04-06 07:42:59,238:INFO:Starting cross validation
2022-04-06 07:42:59,241:INFO:Cross validating with StratifiedKFold(n_splits=10, random_state=None, shuffle=False), n_jobs=-1
2022-04-06 07:43:00,008:INFO:Calculating mean and std
2022-04-06 07:43:00,008:INFO:Creating metrics dataframe
2022-04-06 07:43:00,033:INFO:Uploading results into container
2022-04-06 07:43:00,033:INFO:Uploading model into container now
2022-04-06 07:43:00,033:INFO:create_model_container: 9
2022-04-06 07:43:00,033:INFO:master_model_container: 9
2022-04-06 07:43:00,033:INFO:display_container: 2
2022-04-06 07:43:00,033:INFO:AdaBoostClassifier(algorithm='SAMME.R', base_estimator=None, learning_rate=1.0,
                   n_estimators=50, random_state=123)
2022-04-06 07:43:00,033:INFO:create_model() succesfully completed......................................
2022-04-06 07:43:00,458:INFO:SubProcess create_model() end ==================================
2022-04-06 07:43:00,458:INFO:Creating metrics dataframe
2022-04-06 07:43:00,513:INFO:Initializing Gradient Boosting Classifier
2022-04-06 07:43:00,513:INFO:Total runtime is 0.603316326936086 minutes
2022-04-06 07:43:00,548:INFO:SubProcess create_model() called ==================================
2022-04-06 07:43:00,548:INFO:Initializing create_model()
2022-04-06 07:43:00,553:INFO:create_model(estimator=gbc, fold=StratifiedKFold(n_splits=10, random_state=None, shuffle=False), round=4, cross_validation=True, predict=True, fit_kwargs={}, groups=None, refit=False, verbose=False, system=False, metrics=None, experiment_custom_tags=None, add_to_model_list=True, probability_threshold=None, display=<pycaret.internal.Display.Display object at 0x000001DF3A96A488>, return_train_score=False, kwargs={})
2022-04-06 07:43:00,553:INFO:Checking exceptions
2022-04-06 07:43:00,553:INFO:Importing libraries
2022-04-06 07:43:00,553:INFO:Copying training dataset
2022-04-06 07:43:00,555:INFO:Defining folds
2022-04-06 07:43:00,555:INFO:Declaring metric variables
2022-04-06 07:43:00,583:INFO:Importing untrained model
2022-04-06 07:43:00,618:INFO:Gradient Boosting Classifier Imported succesfully
2022-04-06 07:43:00,683:INFO:Starting cross validation
2022-04-06 07:43:00,686:INFO:Cross validating with StratifiedKFold(n_splits=10, random_state=None, shuffle=False), n_jobs=-1
2022-04-06 07:43:01,833:INFO:Calculating mean and std
2022-04-06 07:43:01,838:INFO:Creating metrics dataframe
2022-04-06 07:43:01,858:INFO:Uploading results into container
2022-04-06 07:43:01,858:INFO:Uploading model into container now
2022-04-06 07:43:01,858:INFO:create_model_container: 10
2022-04-06 07:43:01,862:INFO:master_model_container: 10
2022-04-06 07:43:01,862:INFO:display_container: 2
2022-04-06 07:43:01,865:INFO:GradientBoostingClassifier(ccp_alpha=0.0, criterion='friedman_mse', init=None,
                           learning_rate=0.1, loss='deviance', max_depth=3,
                           max_features=None, max_leaf_nodes=None,
                           min_impurity_decrease=0.0, min_impurity_split=None,
                           min_samples_leaf=1, min_samples_split=2,
                           min_weight_fraction_leaf=0.0, n_estimators=100,
                           n_iter_no_change=None, presort='deprecated',
                           random_state=123, subsample=1.0, tol=0.0001,
                           validation_fraction=0.1, verbose=0,
                           warm_start=False)
2022-04-06 07:43:01,865:INFO:create_model() succesfully completed......................................
2022-04-06 07:43:02,274:INFO:SubProcess create_model() end ==================================
2022-04-06 07:43:02,274:INFO:Creating metrics dataframe
2022-04-06 07:43:02,368:INFO:Initializing Linear Discriminant Analysis
2022-04-06 07:43:02,370:INFO:Total runtime is 0.634237003326416 minutes
2022-04-06 07:43:02,406:INFO:SubProcess create_model() called ==================================
2022-04-06 07:43:02,408:INFO:Initializing create_model()
2022-04-06 07:43:02,408:INFO:create_model(estimator=lda, fold=StratifiedKFold(n_splits=10, random_state=None, shuffle=False), round=4, cross_validation=True, predict=True, fit_kwargs={}, groups=None, refit=False, verbose=False, system=False, metrics=None, experiment_custom_tags=None, add_to_model_list=True, probability_threshold=None, display=<pycaret.internal.Display.Display object at 0x000001DF3A96A488>, return_train_score=False, kwargs={})
2022-04-06 07:43:02,408:INFO:Checking exceptions
2022-04-06 07:43:02,408:INFO:Importing libraries
2022-04-06 07:43:02,408:INFO:Copying training dataset
2022-04-06 07:43:02,408:INFO:Defining folds
2022-04-06 07:43:02,413:INFO:Declaring metric variables
2022-04-06 07:43:02,448:INFO:Importing untrained model
2022-04-06 07:43:02,497:INFO:Linear Discriminant Analysis Imported succesfully
2022-04-06 07:43:02,603:INFO:Starting cross validation
2022-04-06 07:43:02,607:INFO:Cross validating with StratifiedKFold(n_splits=10, random_state=None, shuffle=False), n_jobs=-1
2022-04-06 07:43:02,813:INFO:Calculating mean and std
2022-04-06 07:43:02,818:INFO:Creating metrics dataframe
2022-04-06 07:43:02,838:INFO:Uploading results into container
2022-04-06 07:43:02,838:INFO:Uploading model into container now
2022-04-06 07:43:02,838:INFO:create_model_container: 11
2022-04-06 07:43:02,838:INFO:master_model_container: 11
2022-04-06 07:43:02,841:INFO:display_container: 2
2022-04-06 07:43:02,841:INFO:LinearDiscriminantAnalysis(n_components=None, priors=None, shrinkage=None,
                           solver='svd', store_covariance=False, tol=0.0001)
2022-04-06 07:43:02,841:INFO:create_model() succesfully completed......................................
2022-04-06 07:43:03,252:INFO:SubProcess create_model() end ==================================
2022-04-06 07:43:03,252:INFO:Creating metrics dataframe
2022-04-06 07:43:03,338:INFO:Initializing Extra Trees Classifier
2022-04-06 07:43:03,338:INFO:Total runtime is 0.650400956471761 minutes
2022-04-06 07:43:03,368:INFO:SubProcess create_model() called ==================================
2022-04-06 07:43:03,368:INFO:Initializing create_model()
2022-04-06 07:43:03,368:INFO:create_model(estimator=et, fold=StratifiedKFold(n_splits=10, random_state=None, shuffle=False), round=4, cross_validation=True, predict=True, fit_kwargs={}, groups=None, refit=False, verbose=False, system=False, metrics=None, experiment_custom_tags=None, add_to_model_list=True, probability_threshold=None, display=<pycaret.internal.Display.Display object at 0x000001DF3A96A488>, return_train_score=False, kwargs={})
2022-04-06 07:43:03,368:INFO:Checking exceptions
2022-04-06 07:43:03,368:INFO:Importing libraries
2022-04-06 07:43:03,368:INFO:Copying training dataset
2022-04-06 07:43:03,374:INFO:Defining folds
2022-04-06 07:43:03,374:INFO:Declaring metric variables
2022-04-06 07:43:03,403:INFO:Importing untrained model
2022-04-06 07:43:03,428:INFO:Extra Trees Classifier Imported succesfully
2022-04-06 07:43:03,489:INFO:Starting cross validation
2022-04-06 07:43:03,493:INFO:Cross validating with StratifiedKFold(n_splits=10, random_state=None, shuffle=False), n_jobs=-1
2022-04-06 07:43:05,980:INFO:Calculating mean and std
2022-04-06 07:43:05,983:INFO:Creating metrics dataframe
2022-04-06 07:43:05,998:INFO:Uploading results into container
2022-04-06 07:43:05,998:INFO:Uploading model into container now
2022-04-06 07:43:06,008:INFO:create_model_container: 12
2022-04-06 07:43:06,008:INFO:master_model_container: 12
2022-04-06 07:43:06,008:INFO:display_container: 2
2022-04-06 07:43:06,008:INFO:ExtraTreesClassifier(bootstrap=False, ccp_alpha=0.0, class_weight=None,
                     criterion='gini', max_depth=None, max_features='auto',
                     max_leaf_nodes=None, max_samples=None,
                     min_impurity_decrease=0.0, min_impurity_split=None,
                     min_samples_leaf=1, min_samples_split=2,
                     min_weight_fraction_leaf=0.0, n_estimators=100, n_jobs=-1,
                     oob_score=False, random_state=123, verbose=0,
                     warm_start=False)
2022-04-06 07:43:06,008:INFO:create_model() succesfully completed......................................
2022-04-06 07:43:06,429:INFO:SubProcess create_model() end ==================================
2022-04-06 07:43:06,429:INFO:Creating metrics dataframe
2022-04-06 07:43:06,488:INFO:Initializing Light Gradient Boosting Machine
2022-04-06 07:43:06,488:INFO:Total runtime is 0.7029037952423095 minutes
2022-04-06 07:43:06,526:INFO:SubProcess create_model() called ==================================
2022-04-06 07:43:06,528:INFO:Initializing create_model()
2022-04-06 07:43:06,528:INFO:create_model(estimator=lightgbm, fold=StratifiedKFold(n_splits=10, random_state=None, shuffle=False), round=4, cross_validation=True, predict=True, fit_kwargs={}, groups=None, refit=False, verbose=False, system=False, metrics=None, experiment_custom_tags=None, add_to_model_list=True, probability_threshold=None, display=<pycaret.internal.Display.Display object at 0x000001DF3A96A488>, return_train_score=False, kwargs={})
2022-04-06 07:43:06,528:INFO:Checking exceptions
2022-04-06 07:43:06,528:INFO:Importing libraries
2022-04-06 07:43:06,528:INFO:Copying training dataset
2022-04-06 07:43:06,533:INFO:Defining folds
2022-04-06 07:43:06,534:INFO:Declaring metric variables
2022-04-06 07:43:06,559:INFO:Importing untrained model
2022-04-06 07:43:06,592:INFO:Light Gradient Boosting Machine Imported succesfully
2022-04-06 07:43:06,663:INFO:Starting cross validation
2022-04-06 07:43:06,664:INFO:Cross validating with StratifiedKFold(n_splits=10, random_state=None, shuffle=False), n_jobs=-1
2022-04-06 07:43:07,265:INFO:Calculating mean and std
2022-04-06 07:43:07,268:INFO:Creating metrics dataframe
2022-04-06 07:43:07,293:INFO:Uploading results into container
2022-04-06 07:43:07,293:INFO:Uploading model into container now
2022-04-06 07:43:07,293:INFO:create_model_container: 13
2022-04-06 07:43:07,293:INFO:master_model_container: 13
2022-04-06 07:43:07,293:INFO:display_container: 2
2022-04-06 07:43:07,298:INFO:LGBMClassifier(boosting_type='gbdt', class_weight=None, colsample_bytree=1.0,
               importance_type='split', learning_rate=0.1, max_depth=-1,
               min_child_samples=20, min_child_weight=0.001, min_split_gain=0.0,
               n_estimators=100, n_jobs=-1, num_leaves=31, objective=None,
               random_state=123, reg_alpha=0.0, reg_lambda=0.0, silent='warn',
               subsample=1.0, subsample_for_bin=200000, subsample_freq=0)
2022-04-06 07:43:07,298:INFO:create_model() succesfully completed......................................
2022-04-06 07:43:07,711:INFO:SubProcess create_model() end ==================================
2022-04-06 07:43:07,711:INFO:Creating metrics dataframe
2022-04-06 07:43:07,783:INFO:Initializing Dummy Classifier
2022-04-06 07:43:07,783:INFO:Total runtime is 0.7244846502939859 minutes
2022-04-06 07:43:07,818:INFO:SubProcess create_model() called ==================================
2022-04-06 07:43:07,818:INFO:Initializing create_model()
2022-04-06 07:43:07,818:INFO:create_model(estimator=dummy, fold=StratifiedKFold(n_splits=10, random_state=None, shuffle=False), round=4, cross_validation=True, predict=True, fit_kwargs={}, groups=None, refit=False, verbose=False, system=False, metrics=None, experiment_custom_tags=None, add_to_model_list=True, probability_threshold=None, display=<pycaret.internal.Display.Display object at 0x000001DF3A96A488>, return_train_score=False, kwargs={})
2022-04-06 07:43:07,818:INFO:Checking exceptions
2022-04-06 07:43:07,818:INFO:Importing libraries
2022-04-06 07:43:07,818:INFO:Copying training dataset
2022-04-06 07:43:07,822:INFO:Defining folds
2022-04-06 07:43:07,822:INFO:Declaring metric variables
2022-04-06 07:43:07,858:INFO:Importing untrained model
2022-04-06 07:43:07,893:INFO:Dummy Classifier Imported succesfully
2022-04-06 07:43:07,948:INFO:Starting cross validation
2022-04-06 07:43:07,953:INFO:Cross validating with StratifiedKFold(n_splits=10, random_state=None, shuffle=False), n_jobs=-1
2022-04-06 07:43:08,108:INFO:Calculating mean and std
2022-04-06 07:43:08,114:INFO:Creating metrics dataframe
2022-04-06 07:43:08,135:INFO:Uploading results into container
2022-04-06 07:43:08,135:INFO:Uploading model into container now
2022-04-06 07:43:08,138:INFO:create_model_container: 14
2022-04-06 07:43:08,138:INFO:master_model_container: 14
2022-04-06 07:43:08,138:INFO:display_container: 2
2022-04-06 07:43:08,140:INFO:DummyClassifier(constant=None, random_state=123, strategy='prior')
2022-04-06 07:43:08,141:INFO:create_model() succesfully completed......................................
2022-04-06 07:43:08,574:INFO:SubProcess create_model() end ==================================
2022-04-06 07:43:08,574:INFO:Creating metrics dataframe
2022-04-06 07:43:08,742:INFO:Initializing create_model()
2022-04-06 07:43:08,742:INFO:create_model(estimator=ExtraTreesClassifier(bootstrap=False, ccp_alpha=0.0, class_weight=None,
                     criterion='gini', max_depth=None, max_features='auto',
                     max_leaf_nodes=None, max_samples=None,
                     min_impurity_decrease=0.0, min_impurity_split=None,
                     min_samples_leaf=1, min_samples_split=2,
                     min_weight_fraction_leaf=0.0, n_estimators=100, n_jobs=-1,
                     oob_score=False, random_state=123, verbose=0,
                     warm_start=False), fold=StratifiedKFold(n_splits=10, random_state=None, shuffle=False), round=4, cross_validation=False, predict=False, fit_kwargs={}, groups=None, refit=True, verbose=False, system=False, metrics=None, experiment_custom_tags=None, add_to_model_list=True, probability_threshold=None, display=None, return_train_score=False, kwargs={})
2022-04-06 07:43:08,742:INFO:Checking exceptions
2022-04-06 07:43:08,742:INFO:Importing libraries
2022-04-06 07:43:08,748:INFO:Copying training dataset
2022-04-06 07:43:08,748:INFO:Defining folds
2022-04-06 07:43:08,748:INFO:Declaring metric variables
2022-04-06 07:43:08,748:INFO:Importing untrained model
2022-04-06 07:43:08,748:INFO:Declaring custom model
2022-04-06 07:43:08,750:INFO:Extra Trees Classifier Imported succesfully
2022-04-06 07:43:08,753:INFO:Cross validation set to False
2022-04-06 07:43:08,753:INFO:Fitting Model
2022-04-06 07:43:09,873:INFO:ExtraTreesClassifier(bootstrap=False, ccp_alpha=0.0, class_weight=None,
                     criterion='gini', max_depth=None, max_features='auto',
                     max_leaf_nodes=None, max_samples=None,
                     min_impurity_decrease=0.0, min_impurity_split=None,
                     min_samples_leaf=1, min_samples_split=2,
                     min_weight_fraction_leaf=0.0, n_estimators=100, n_jobs=-1,
                     oob_score=False, random_state=123, verbose=0,
                     warm_start=False)
2022-04-06 07:43:09,873:INFO:create_models() succesfully completed......................................
2022-04-06 07:43:10,438:INFO:create_model_container: 14
2022-04-06 07:43:10,438:INFO:master_model_container: 14
2022-04-06 07:43:10,438:INFO:display_container: 2
2022-04-06 07:43:10,438:INFO:ExtraTreesClassifier(bootstrap=False, ccp_alpha=0.0, class_weight=None,
                     criterion='gini', max_depth=None, max_features='auto',
                     max_leaf_nodes=None, max_samples=None,
                     min_impurity_decrease=0.0, min_impurity_split=None,
                     min_samples_leaf=1, min_samples_split=2,
                     min_weight_fraction_leaf=0.0, n_estimators=100, n_jobs=-1,
                     oob_score=False, random_state=123, verbose=0,
                     warm_start=False)
2022-04-06 07:43:10,438:INFO:compare_models() succesfully completed......................................
