2022-04-06 07:48:26,228:INFO:PyCaret Supervised Module
2022-04-06 07:48:26,228:INFO:ML Usecase: classification
2022-04-06 07:48:26,228:INFO:version 2.3.9
2022-04-06 07:48:26,228:INFO:Initializing setup()
2022-04-06 07:48:26,228:INFO:setup(target=Occupancy, ml_usecase=classification, available_plots={'parameter': 'Hyperparameters', 'auc': 'AUC', 'confusion_matrix': 'Confusion Matrix', 'threshold': 'Threshold', 'pr': 'Precision Recall', 'error': 'Prediction Error', 'class_report': 'Class Report', 'rfe': 'Feature Selection', 'learning': 'Learning Curve', 'manifold': 'Manifold Learning', 'calibration': 'Calibration Curve', 'vc': 'Validation Curve', 'dimension': 'Dimensions', 'feature': 'Feature Importance', 'feature_all': 'Feature Importance (All)', 'boundary': 'Decision Boundary', 'lift': 'Lift Chart', 'gain': 'Gain Chart', 'tree': 'Decision Tree', 'ks': 'KS Statistic Plot'}, train_size=0.7, test_data=None, preprocess=True, imputation_type=simple, iterative_imputation_iters=5, categorical_features=None, categorical_imputation=constant, categorical_iterative_imputer=lightgbm, ordinal_features=None, high_cardinality_features=None, high_cardinality_method=frequency, numeric_features=None, numeric_imputation=mean, numeric_iterative_imputer=lightgbm, date_features=None, ignore_features=None, normalize=False, normalize_method=zscore, transformation=False, transformation_method=yeo-johnson, handle_unknown_categorical=True, unknown_categorical_method=least_frequent, pca=False, pca_method=linear, pca_components=None, ignore_low_variance=False, combine_rare_levels=False, rare_level_threshold=0.1, bin_numeric_features=None, remove_outliers=False, outliers_threshold=0.05, remove_multicollinearity=False, multicollinearity_threshold=0.9, remove_perfect_collinearity=True, create_clusters=False, cluster_iter=20, polynomial_features=False, polynomial_degree=2, trigonometry_features=False, polynomial_threshold=0.1, group_features=None, group_names=None, feature_selection=False, feature_selection_threshold=0.8, feature_selection_method=classic, feature_interaction=False, feature_ratio=False, interaction_threshold=0.01, fix_imbalance=False, fix_imbalance_method=None, transform_target=False, transform_target_method=box-cox, data_split_shuffle=True, data_split_stratify=False, fold_strategy=stratifiedkfold, fold=10, fold_shuffle=False, fold_groups=None, n_jobs=-1, use_gpu=False, custom_pipeline=None, html=True, session_id=123, log_experiment=False, experiment_name=None, experiment_custom_tags=None, log_plots=False, log_profile=False, log_data=False, silent=False, verbose=True, profile=False, profile_kwargs=None, display=None)
2022-04-06 07:48:26,238:INFO:Checking environment
2022-04-06 07:48:26,240:INFO:python_version: 3.7.9
2022-04-06 07:48:26,240:INFO:python_build: ('tags/v3.7.9:13c94747c7', 'Aug 17 2020 18:58:18')
2022-04-06 07:48:26,241:INFO:machine: AMD64
2022-04-06 07:48:26,241:INFO:platform: Windows-10-10.0.22000-SP0
2022-04-06 07:48:26,241:INFO:Memory: svmem(total=16905965568, available=5213749248, percent=69.2, used=11692216320, free=5213749248)
2022-04-06 07:48:26,241:INFO:Physical Core: 8
2022-04-06 07:48:26,241:INFO:Logical Core: 16
2022-04-06 07:48:26,241:INFO:Checking libraries
2022-04-06 07:48:26,241:INFO:pd==1.3.5
2022-04-06 07:48:26,241:INFO:numpy==1.19.5
2022-04-06 07:48:26,241:INFO:sklearn==0.23.2
2022-04-06 07:48:26,241:INFO:lightgbm==3.3.2
2022-04-06 07:48:26,241:WARNING:catboost not found
2022-04-06 07:48:26,241:WARNING:xgboost not found
2022-04-06 07:48:26,241:INFO:mlflow==1.24.0
2022-04-06 07:48:26,241:INFO:Checking Exceptions
2022-04-06 07:48:53,548:INFO:PyCaret Supervised Module
2022-04-06 07:48:53,548:INFO:ML Usecase: classification
2022-04-06 07:48:53,548:INFO:version 2.3.9
2022-04-06 07:48:53,548:INFO:Initializing setup()
2022-04-06 07:48:53,548:INFO:setup(target=Class, ml_usecase=classification, available_plots={'parameter': 'Hyperparameters', 'auc': 'AUC', 'confusion_matrix': 'Confusion Matrix', 'threshold': 'Threshold', 'pr': 'Precision Recall', 'error': 'Prediction Error', 'class_report': 'Class Report', 'rfe': 'Feature Selection', 'learning': 'Learning Curve', 'manifold': 'Manifold Learning', 'calibration': 'Calibration Curve', 'vc': 'Validation Curve', 'dimension': 'Dimensions', 'feature': 'Feature Importance', 'feature_all': 'Feature Importance (All)', 'boundary': 'Decision Boundary', 'lift': 'Lift Chart', 'gain': 'Gain Chart', 'tree': 'Decision Tree', 'ks': 'KS Statistic Plot'}, train_size=0.7, test_data=None, preprocess=True, imputation_type=simple, iterative_imputation_iters=5, categorical_features=None, categorical_imputation=constant, categorical_iterative_imputer=lightgbm, ordinal_features=None, high_cardinality_features=None, high_cardinality_method=frequency, numeric_features=None, numeric_imputation=mean, numeric_iterative_imputer=lightgbm, date_features=None, ignore_features=None, normalize=False, normalize_method=zscore, transformation=False, transformation_method=yeo-johnson, handle_unknown_categorical=True, unknown_categorical_method=least_frequent, pca=False, pca_method=linear, pca_components=None, ignore_low_variance=False, combine_rare_levels=False, rare_level_threshold=0.1, bin_numeric_features=None, remove_outliers=False, outliers_threshold=0.05, remove_multicollinearity=False, multicollinearity_threshold=0.9, remove_perfect_collinearity=True, create_clusters=False, cluster_iter=20, polynomial_features=False, polynomial_degree=2, trigonometry_features=False, polynomial_threshold=0.1, group_features=None, group_names=None, feature_selection=False, feature_selection_threshold=0.8, feature_selection_method=classic, feature_interaction=False, feature_ratio=False, interaction_threshold=0.01, fix_imbalance=False, fix_imbalance_method=None, transform_target=False, transform_target_method=box-cox, data_split_shuffle=True, data_split_stratify=False, fold_strategy=stratifiedkfold, fold=10, fold_shuffle=False, fold_groups=None, n_jobs=-1, use_gpu=False, custom_pipeline=None, html=True, session_id=123, log_experiment=False, experiment_name=None, experiment_custom_tags=None, log_plots=False, log_profile=False, log_data=False, silent=False, verbose=True, profile=False, profile_kwargs=None, display=None)
2022-04-06 07:48:53,548:INFO:Checking environment
2022-04-06 07:48:53,548:INFO:python_version: 3.7.9
2022-04-06 07:48:53,548:INFO:python_build: ('tags/v3.7.9:13c94747c7', 'Aug 17 2020 18:58:18')
2022-04-06 07:48:53,548:INFO:machine: AMD64
2022-04-06 07:48:53,548:INFO:platform: Windows-10-10.0.22000-SP0
2022-04-06 07:48:53,548:INFO:Memory: svmem(total=16905965568, available=5261668352, percent=68.9, used=11644297216, free=5261668352)
2022-04-06 07:48:53,548:INFO:Physical Core: 8
2022-04-06 07:48:53,548:INFO:Logical Core: 16
2022-04-06 07:48:53,548:INFO:Checking libraries
2022-04-06 07:48:53,553:INFO:pd==1.3.5
2022-04-06 07:48:53,553:INFO:numpy==1.19.5
2022-04-06 07:48:53,553:INFO:sklearn==0.23.2
2022-04-06 07:48:53,553:INFO:lightgbm==3.3.2
2022-04-06 07:48:53,553:WARNING:catboost not found
2022-04-06 07:48:53,557:WARNING:xgboost not found
2022-04-06 07:48:53,557:INFO:mlflow==1.24.0
2022-04-06 07:48:53,557:INFO:Checking Exceptions
2022-04-06 07:48:53,557:INFO:Declaring global variables
2022-04-06 07:48:53,557:INFO:USI: 4e08
2022-04-06 07:48:53,557:INFO:pycaret_globals: {'seed', 'X_train', 'fold_groups_param_full', 'master_model_container', 'logging_param', 'data_before_preprocess', 'fold_param', 'imputation_classifier', 'y_test', '_all_metrics', 'display_container', 'y', 'prep_pipe', 'create_model_container', 'html_param', 'pycaret_globals', 'fold_groups_param', 'X_test', 'y_train', 'log_plots_param', '_ml_usecase', 'iterative_imputation_iters_param', 'fix_imbalance_param', '_gpu_n_jobs_param', 'gpu_param', 'exp_name_log', 'stratify_param', '_all_models_internal', 'experiment__', 'n_jobs_param', '_all_models', '_internal_pipeline', 'X', 'USI', 'fix_imbalance_method_param', 'transform_target_method_param', '_available_plots', 'imputation_regressor', 'fold_shuffle_param', 'target_param', 'transform_target_param', 'dashboard_logger', 'fold_generator'}
2022-04-06 07:48:53,557:INFO:Preparing display monitor
2022-04-06 07:48:53,557:INFO:Preparing display monitor
2022-04-06 07:48:53,604:INFO:Importing libraries
2022-04-06 07:48:53,605:INFO:Copying data for preprocessing
2022-04-06 07:48:53,631:INFO:Declaring preprocessing parameters
2022-04-06 07:48:53,631:INFO:Creating preprocessing pipeline
2022-04-06 07:48:53,655:INFO:Preprocessing pipeline created successfully
2022-04-06 07:48:53,658:ERROR:(Process Exit): setup has been interupted with user command 'quit'. setup must rerun.
2022-04-06 07:48:53,658:INFO:Creating global containers
2022-04-06 07:48:53,662:INFO:Internal pipeline: Pipeline(memory=None, steps=[('empty_step', 'passthrough')], verbose=False)
2022-04-06 07:48:59,428:WARNING:Couldn't import xgboost.XGBClassifier
2022-04-06 07:48:59,430:WARNING:Couldn't import catboost.CatBoostClassifier
2022-04-06 07:48:59,777:WARNING:Couldn't import xgboost.XGBClassifier
2022-04-06 07:48:59,783:WARNING:Couldn't import catboost.CatBoostClassifier
2022-04-06 07:48:59,783:INFO:Creating grid variables
2022-04-06 07:48:59,828:INFO:create_model_container: 0
2022-04-06 07:48:59,828:INFO:master_model_container: 0
2022-04-06 07:48:59,828:INFO:display_container: 1
2022-04-06 07:48:59,848:INFO:Pipeline(memory=None,
         steps=[('dtypes',
                 DataTypes_Auto_infer(categorical_features=[],
                                      display_types=True, features_todrop=[],
                                      id_columns=[],
                                      ml_usecase='classification',
                                      numerical_features=[], target='Class',
                                      time_features=[])),
                ('imputer',
                 Simple_Imputer(categorical_strategy='not_available',
                                fill_value_categorical=None,
                                fill_value_numerical=None,
                                numeric_strate...
                ('scaling', 'passthrough'), ('P_transform', 'passthrough'),
                ('binn', 'passthrough'), ('rem_outliers', 'passthrough'),
                ('cluster_all', 'passthrough'),
                ('dummy', Dummify(target='Class')),
                ('fix_perfect', Remove_100(target='Class')),
                ('clean_names', Clean_Colum_Names()),
                ('feature_select', 'passthrough'), ('fix_multi', 'passthrough'),
                ('dfs', 'passthrough'), ('pca', 'passthrough')],
         verbose=False)
2022-04-06 07:48:59,848:INFO:setup() succesfully completed......................................
2022-04-06 07:49:03,623:INFO:Initializing compare_models()
2022-04-06 07:49:03,623:INFO:compare_models(include=None, fold=None, round=4, cross_validation=True, sort=Accuracy, n_select=1, budget_time=None, turbo=True, errors=ignore, fit_kwargs=None, groups=None, experiment_custom_tags=None, probability_threshold=None, verbose=True, display=None, exclude=None)
2022-04-06 07:49:03,623:INFO:Checking exceptions
2022-04-06 07:49:03,623:INFO:Preparing display monitor
2022-04-06 07:49:03,627:INFO:Preparing display monitor
2022-04-06 07:49:03,727:INFO:Initializing Logistic Regression
2022-04-06 07:49:03,727:INFO:Total runtime is 0.0 minutes
2022-04-06 07:49:03,753:INFO:SubProcess create_model() called ==================================
2022-04-06 07:49:03,758:INFO:Initializing create_model()
2022-04-06 07:49:03,758:INFO:create_model(estimator=lr, fold=StratifiedKFold(n_splits=10, random_state=None, shuffle=False), round=4, cross_validation=True, predict=True, fit_kwargs={}, groups=None, refit=False, verbose=False, system=False, metrics=None, experiment_custom_tags=None, add_to_model_list=True, probability_threshold=None, display=<pycaret.internal.Display.Display object at 0x0000012C34BD6188>, return_train_score=False, kwargs={})
2022-04-06 07:49:03,758:INFO:Checking exceptions
2022-04-06 07:49:03,758:INFO:Importing libraries
2022-04-06 07:49:03,758:INFO:Copying training dataset
2022-04-06 07:49:03,762:INFO:Defining folds
2022-04-06 07:49:03,762:INFO:Declaring metric variables
2022-04-06 07:49:03,799:INFO:Importing untrained model
2022-04-06 07:49:03,827:INFO:Logistic Regression Imported succesfully
2022-04-06 07:49:03,888:INFO:Starting cross validation
2022-04-06 07:49:03,892:INFO:Cross validating with StratifiedKFold(n_splits=10, random_state=None, shuffle=False), n_jobs=-1
2022-04-06 07:49:22,793:INFO:Calculating mean and std
2022-04-06 07:49:22,798:INFO:Creating metrics dataframe
2022-04-06 07:49:22,821:INFO:Uploading results into container
2022-04-06 07:49:22,821:INFO:Uploading model into container now
2022-04-06 07:49:22,821:INFO:create_model_container: 1
2022-04-06 07:49:22,821:INFO:master_model_container: 1
2022-04-06 07:49:22,821:INFO:display_container: 2
2022-04-06 07:49:22,823:INFO:LogisticRegression(C=1.0, class_weight=None, dual=False, fit_intercept=True,
                   intercept_scaling=1, l1_ratio=None, max_iter=1000,
                   multi_class='auto', n_jobs=None, penalty='l2',
                   random_state=123, solver='lbfgs', tol=0.0001, verbose=0,
                   warm_start=False)
2022-04-06 07:49:22,823:INFO:create_model() succesfully completed......................................
2022-04-06 07:49:23,038:INFO:SubProcess create_model() end ==================================
2022-04-06 07:49:23,038:INFO:Creating metrics dataframe
2022-04-06 07:49:23,122:INFO:Initializing K Neighbors Classifier
2022-04-06 07:49:23,122:INFO:Total runtime is 0.3232406218846639 minutes
2022-04-06 07:49:23,158:INFO:SubProcess create_model() called ==================================
2022-04-06 07:49:23,158:INFO:Initializing create_model()
2022-04-06 07:49:23,158:INFO:create_model(estimator=knn, fold=StratifiedKFold(n_splits=10, random_state=None, shuffle=False), round=4, cross_validation=True, predict=True, fit_kwargs={}, groups=None, refit=False, verbose=False, system=False, metrics=None, experiment_custom_tags=None, add_to_model_list=True, probability_threshold=None, display=<pycaret.internal.Display.Display object at 0x0000012C34BD6188>, return_train_score=False, kwargs={})
2022-04-06 07:49:23,158:INFO:Checking exceptions
2022-04-06 07:49:23,158:INFO:Importing libraries
2022-04-06 07:49:23,158:INFO:Copying training dataset
2022-04-06 07:49:23,164:INFO:Defining folds
2022-04-06 07:49:23,165:INFO:Declaring metric variables
2022-04-06 07:49:23,198:INFO:Importing untrained model
2022-04-06 07:49:23,238:INFO:K Neighbors Classifier Imported succesfully
2022-04-06 07:49:23,318:INFO:Starting cross validation
2022-04-06 07:49:23,321:INFO:Cross validating with StratifiedKFold(n_splits=10, random_state=None, shuffle=False), n_jobs=-1
2022-04-06 07:49:34,438:INFO:Calculating mean and std
2022-04-06 07:49:34,442:INFO:Creating metrics dataframe
2022-04-06 07:49:34,472:INFO:Uploading results into container
2022-04-06 07:49:34,473:INFO:Uploading model into container now
2022-04-06 07:49:34,473:INFO:create_model_container: 2
2022-04-06 07:49:34,473:INFO:master_model_container: 2
2022-04-06 07:49:34,474:INFO:display_container: 2
2022-04-06 07:49:34,476:INFO:KNeighborsClassifier(algorithm='auto', leaf_size=30, metric='minkowski',
                     metric_params=None, n_jobs=-1, n_neighbors=5, p=2,
                     weights='uniform')
2022-04-06 07:49:34,477:INFO:create_model() succesfully completed......................................
2022-04-06 07:49:34,681:INFO:SubProcess create_model() end ==================================
2022-04-06 07:49:34,682:INFO:Creating metrics dataframe
2022-04-06 07:49:34,761:INFO:Initializing Naive Bayes
2022-04-06 07:49:34,762:INFO:Total runtime is 0.5172436118125916 minutes
2022-04-06 07:49:34,798:INFO:SubProcess create_model() called ==================================
2022-04-06 07:49:34,799:INFO:Initializing create_model()
2022-04-06 07:49:34,800:INFO:create_model(estimator=nb, fold=StratifiedKFold(n_splits=10, random_state=None, shuffle=False), round=4, cross_validation=True, predict=True, fit_kwargs={}, groups=None, refit=False, verbose=False, system=False, metrics=None, experiment_custom_tags=None, add_to_model_list=True, probability_threshold=None, display=<pycaret.internal.Display.Display object at 0x0000012C34BD6188>, return_train_score=False, kwargs={})
2022-04-06 07:49:34,800:INFO:Checking exceptions
2022-04-06 07:49:34,801:INFO:Importing libraries
2022-04-06 07:49:34,801:INFO:Copying training dataset
2022-04-06 07:49:34,804:INFO:Defining folds
2022-04-06 07:49:34,804:INFO:Declaring metric variables
2022-04-06 07:49:34,838:INFO:Importing untrained model
2022-04-06 07:49:34,870:INFO:Naive Bayes Imported succesfully
2022-04-06 07:49:34,939:INFO:Starting cross validation
2022-04-06 07:49:34,942:INFO:Cross validating with StratifiedKFold(n_splits=10, random_state=None, shuffle=False), n_jobs=-1
2022-04-06 07:49:35,118:INFO:Calculating mean and std
2022-04-06 07:49:35,121:INFO:Creating metrics dataframe
2022-04-06 07:49:35,146:INFO:Uploading results into container
2022-04-06 07:49:35,147:INFO:Uploading model into container now
2022-04-06 07:49:35,148:INFO:create_model_container: 3
2022-04-06 07:49:35,148:INFO:master_model_container: 3
2022-04-06 07:49:35,149:INFO:display_container: 2
2022-04-06 07:49:35,150:INFO:GaussianNB(priors=None, var_smoothing=1e-09)
2022-04-06 07:49:35,150:INFO:create_model() succesfully completed......................................
2022-04-06 07:49:35,350:INFO:SubProcess create_model() end ==================================
2022-04-06 07:49:35,350:INFO:Creating metrics dataframe
2022-04-06 07:49:35,438:INFO:Initializing Decision Tree Classifier
2022-04-06 07:49:35,439:INFO:Total runtime is 0.5285254001617432 minutes
2022-04-06 07:49:35,476:INFO:SubProcess create_model() called ==================================
2022-04-06 07:49:35,477:INFO:Initializing create_model()
2022-04-06 07:49:35,478:INFO:create_model(estimator=dt, fold=StratifiedKFold(n_splits=10, random_state=None, shuffle=False), round=4, cross_validation=True, predict=True, fit_kwargs={}, groups=None, refit=False, verbose=False, system=False, metrics=None, experiment_custom_tags=None, add_to_model_list=True, probability_threshold=None, display=<pycaret.internal.Display.Display object at 0x0000012C34BD6188>, return_train_score=False, kwargs={})
2022-04-06 07:49:35,478:INFO:Checking exceptions
2022-04-06 07:49:35,479:INFO:Importing libraries
2022-04-06 07:49:35,479:INFO:Copying training dataset
2022-04-06 07:49:35,482:INFO:Defining folds
2022-04-06 07:49:35,483:INFO:Declaring metric variables
2022-04-06 07:49:35,517:INFO:Importing untrained model
2022-04-06 07:49:35,553:INFO:Decision Tree Classifier Imported succesfully
2022-04-06 07:49:35,629:INFO:Starting cross validation
2022-04-06 07:49:35,632:INFO:Cross validating with StratifiedKFold(n_splits=10, random_state=None, shuffle=False), n_jobs=-1
2022-04-06 07:49:35,817:INFO:Calculating mean and std
2022-04-06 07:49:35,820:INFO:Creating metrics dataframe
2022-04-06 07:49:35,841:INFO:Uploading results into container
2022-04-06 07:49:35,842:INFO:Uploading model into container now
2022-04-06 07:49:35,842:INFO:create_model_container: 4
2022-04-06 07:49:35,843:INFO:master_model_container: 4
2022-04-06 07:49:35,844:INFO:display_container: 2
2022-04-06 07:49:35,845:INFO:DecisionTreeClassifier(ccp_alpha=0.0, class_weight=None, criterion='gini',
                       max_depth=None, max_features=None, max_leaf_nodes=None,
                       min_impurity_decrease=0.0, min_impurity_split=None,
                       min_samples_leaf=1, min_samples_split=2,
                       min_weight_fraction_leaf=0.0, presort='deprecated',
                       random_state=123, splitter='best')
2022-04-06 07:49:35,845:INFO:create_model() succesfully completed......................................
2022-04-06 07:49:36,047:INFO:SubProcess create_model() end ==================================
2022-04-06 07:49:36,048:INFO:Creating metrics dataframe
2022-04-06 07:49:36,138:INFO:Initializing SVM - Linear Kernel
2022-04-06 07:49:36,139:INFO:Total runtime is 0.5401947498321533 minutes
2022-04-06 07:49:36,175:INFO:SubProcess create_model() called ==================================
2022-04-06 07:49:36,177:INFO:Initializing create_model()
2022-04-06 07:49:36,177:INFO:create_model(estimator=svm, fold=StratifiedKFold(n_splits=10, random_state=None, shuffle=False), round=4, cross_validation=True, predict=True, fit_kwargs={}, groups=None, refit=False, verbose=False, system=False, metrics=None, experiment_custom_tags=None, add_to_model_list=True, probability_threshold=None, display=<pycaret.internal.Display.Display object at 0x0000012C34BD6188>, return_train_score=False, kwargs={})
2022-04-06 07:49:36,178:INFO:Checking exceptions
2022-04-06 07:49:36,178:INFO:Importing libraries
2022-04-06 07:49:36,179:INFO:Copying training dataset
2022-04-06 07:49:36,183:INFO:Defining folds
2022-04-06 07:49:36,184:INFO:Declaring metric variables
2022-04-06 07:49:36,216:INFO:Importing untrained model
2022-04-06 07:49:36,247:INFO:SVM - Linear Kernel Imported succesfully
2022-04-06 07:49:36,317:INFO:Starting cross validation
2022-04-06 07:49:36,320:INFO:Cross validating with StratifiedKFold(n_splits=10, random_state=None, shuffle=False), n_jobs=-1
2022-04-06 07:49:36,524:INFO:Calculating mean and std
2022-04-06 07:49:36,528:INFO:Creating metrics dataframe
2022-04-06 07:49:36,547:INFO:Uploading results into container
2022-04-06 07:49:36,548:INFO:Uploading model into container now
2022-04-06 07:49:36,548:INFO:create_model_container: 5
2022-04-06 07:49:36,549:INFO:master_model_container: 5
2022-04-06 07:49:36,549:INFO:display_container: 2
2022-04-06 07:49:36,552:INFO:SGDClassifier(alpha=0.0001, average=False, class_weight=None,
              early_stopping=False, epsilon=0.1, eta0=0.001, fit_intercept=True,
              l1_ratio=0.15, learning_rate='optimal', loss='hinge',
              max_iter=1000, n_iter_no_change=5, n_jobs=-1, penalty='l2',
              power_t=0.5, random_state=123, shuffle=True, tol=0.001,
              validation_fraction=0.1, verbose=0, warm_start=False)
2022-04-06 07:49:36,552:INFO:create_model() succesfully completed......................................
2022-04-06 07:49:36,750:INFO:SubProcess create_model() end ==================================
2022-04-06 07:49:36,751:INFO:Creating metrics dataframe
2022-04-06 07:49:36,841:INFO:Initializing Ridge Classifier
2022-04-06 07:49:36,842:INFO:Total runtime is 0.5518941243489583 minutes
2022-04-06 07:49:36,884:INFO:SubProcess create_model() called ==================================
2022-04-06 07:49:36,886:INFO:Initializing create_model()
2022-04-06 07:49:36,887:INFO:create_model(estimator=ridge, fold=StratifiedKFold(n_splits=10, random_state=None, shuffle=False), round=4, cross_validation=True, predict=True, fit_kwargs={}, groups=None, refit=False, verbose=False, system=False, metrics=None, experiment_custom_tags=None, add_to_model_list=True, probability_threshold=None, display=<pycaret.internal.Display.Display object at 0x0000012C34BD6188>, return_train_score=False, kwargs={})
2022-04-06 07:49:36,887:INFO:Checking exceptions
2022-04-06 07:49:36,887:INFO:Importing libraries
2022-04-06 07:49:36,887:INFO:Copying training dataset
2022-04-06 07:49:36,889:INFO:Defining folds
2022-04-06 07:49:36,891:INFO:Declaring metric variables
2022-04-06 07:49:36,929:INFO:Importing untrained model
2022-04-06 07:49:36,962:INFO:Ridge Classifier Imported succesfully
2022-04-06 07:49:37,038:INFO:Starting cross validation
2022-04-06 07:49:37,041:INFO:Cross validating with StratifiedKFold(n_splits=10, random_state=None, shuffle=False), n_jobs=-1
2022-04-06 07:49:37,205:INFO:Calculating mean and std
2022-04-06 07:49:37,209:INFO:Creating metrics dataframe
2022-04-06 07:49:37,232:INFO:Uploading results into container
2022-04-06 07:49:37,232:INFO:Uploading model into container now
2022-04-06 07:49:37,232:INFO:create_model_container: 6
2022-04-06 07:49:37,233:INFO:master_model_container: 6
2022-04-06 07:49:37,233:INFO:display_container: 2
2022-04-06 07:49:37,234:INFO:RidgeClassifier(alpha=1.0, class_weight=None, copy_X=True, fit_intercept=True,
                max_iter=None, normalize=False, random_state=123, solver='auto',
                tol=0.001)
2022-04-06 07:49:37,235:INFO:create_model() succesfully completed......................................
2022-04-06 07:49:37,435:INFO:SubProcess create_model() end ==================================
2022-04-06 07:49:37,435:INFO:Creating metrics dataframe
2022-04-06 07:49:37,509:INFO:Initializing Random Forest Classifier
2022-04-06 07:49:37,510:INFO:Total runtime is 0.5630366921424866 minutes
2022-04-06 07:49:37,549:INFO:SubProcess create_model() called ==================================
2022-04-06 07:49:37,551:INFO:Initializing create_model()
2022-04-06 07:49:37,552:INFO:create_model(estimator=rf, fold=StratifiedKFold(n_splits=10, random_state=None, shuffle=False), round=4, cross_validation=True, predict=True, fit_kwargs={}, groups=None, refit=False, verbose=False, system=False, metrics=None, experiment_custom_tags=None, add_to_model_list=True, probability_threshold=None, display=<pycaret.internal.Display.Display object at 0x0000012C34BD6188>, return_train_score=False, kwargs={})
2022-04-06 07:49:37,553:INFO:Checking exceptions
2022-04-06 07:49:37,553:INFO:Importing libraries
2022-04-06 07:49:37,553:INFO:Copying training dataset
2022-04-06 07:49:37,557:INFO:Defining folds
2022-04-06 07:49:37,558:INFO:Declaring metric variables
2022-04-06 07:49:37,591:INFO:Importing untrained model
2022-04-06 07:49:37,625:INFO:Random Forest Classifier Imported succesfully
2022-04-06 07:49:37,689:INFO:Starting cross validation
2022-04-06 07:49:37,692:INFO:Cross validating with StratifiedKFold(n_splits=10, random_state=None, shuffle=False), n_jobs=-1
2022-04-06 07:49:39,670:INFO:Calculating mean and std
2022-04-06 07:49:39,674:INFO:Creating metrics dataframe
2022-04-06 07:49:39,700:INFO:Uploading results into container
2022-04-06 07:49:39,701:INFO:Uploading model into container now
2022-04-06 07:49:39,702:INFO:create_model_container: 7
2022-04-06 07:49:39,702:INFO:master_model_container: 7
2022-04-06 07:49:39,703:INFO:display_container: 2
2022-04-06 07:49:39,706:INFO:RandomForestClassifier(bootstrap=True, ccp_alpha=0.0, class_weight=None,
                       criterion='gini', max_depth=None, max_features='auto',
                       max_leaf_nodes=None, max_samples=None,
                       min_impurity_decrease=0.0, min_impurity_split=None,
                       min_samples_leaf=1, min_samples_split=2,
                       min_weight_fraction_leaf=0.0, n_estimators=100,
                       n_jobs=-1, oob_score=False, random_state=123, verbose=0,
                       warm_start=False)
2022-04-06 07:49:39,706:INFO:create_model() succesfully completed......................................
2022-04-06 07:49:39,910:INFO:SubProcess create_model() end ==================================
2022-04-06 07:49:39,911:INFO:Creating metrics dataframe
2022-04-06 07:49:40,002:INFO:Initializing Quadratic Discriminant Analysis
2022-04-06 07:49:40,002:INFO:Total runtime is 0.6045832753181458 minutes
2022-04-06 07:49:40,043:INFO:SubProcess create_model() called ==================================
2022-04-06 07:49:40,045:INFO:Initializing create_model()
2022-04-06 07:49:40,045:INFO:create_model(estimator=qda, fold=StratifiedKFold(n_splits=10, random_state=None, shuffle=False), round=4, cross_validation=True, predict=True, fit_kwargs={}, groups=None, refit=False, verbose=False, system=False, metrics=None, experiment_custom_tags=None, add_to_model_list=True, probability_threshold=None, display=<pycaret.internal.Display.Display object at 0x0000012C34BD6188>, return_train_score=False, kwargs={})
2022-04-06 07:49:40,045:INFO:Checking exceptions
2022-04-06 07:49:40,046:INFO:Importing libraries
2022-04-06 07:49:40,046:INFO:Copying training dataset
2022-04-06 07:49:40,049:INFO:Defining folds
2022-04-06 07:49:40,051:INFO:Declaring metric variables
2022-04-06 07:49:40,084:INFO:Importing untrained model
2022-04-06 07:49:40,127:INFO:Quadratic Discriminant Analysis Imported succesfully
2022-04-06 07:49:40,210:INFO:Starting cross validation
2022-04-06 07:49:40,213:INFO:Cross validating with StratifiedKFold(n_splits=10, random_state=None, shuffle=False), n_jobs=-1
2022-04-06 07:49:40,417:INFO:Calculating mean and std
2022-04-06 07:49:40,422:INFO:Creating metrics dataframe
2022-04-06 07:49:40,445:INFO:Uploading results into container
2022-04-06 07:49:40,446:INFO:Uploading model into container now
2022-04-06 07:49:40,447:INFO:create_model_container: 8
2022-04-06 07:49:40,447:INFO:master_model_container: 8
2022-04-06 07:49:40,447:INFO:display_container: 2
2022-04-06 07:49:40,448:INFO:QuadraticDiscriminantAnalysis(priors=None, reg_param=0.0,
                              store_covariance=False, tol=0.0001)
2022-04-06 07:49:40,448:INFO:create_model() succesfully completed......................................
2022-04-06 07:49:40,664:INFO:SubProcess create_model() end ==================================
2022-04-06 07:49:40,665:INFO:Creating metrics dataframe
2022-04-06 07:49:40,764:INFO:Initializing Ada Boost Classifier
2022-04-06 07:49:40,765:INFO:Total runtime is 0.6172991434733074 minutes
2022-04-06 07:49:40,803:INFO:SubProcess create_model() called ==================================
2022-04-06 07:49:40,804:INFO:Initializing create_model()
2022-04-06 07:49:40,805:INFO:create_model(estimator=ada, fold=StratifiedKFold(n_splits=10, random_state=None, shuffle=False), round=4, cross_validation=True, predict=True, fit_kwargs={}, groups=None, refit=False, verbose=False, system=False, metrics=None, experiment_custom_tags=None, add_to_model_list=True, probability_threshold=None, display=<pycaret.internal.Display.Display object at 0x0000012C34BD6188>, return_train_score=False, kwargs={})
2022-04-06 07:49:40,805:INFO:Checking exceptions
2022-04-06 07:49:40,806:INFO:Importing libraries
2022-04-06 07:49:40,806:INFO:Copying training dataset
2022-04-06 07:49:40,809:INFO:Defining folds
2022-04-06 07:49:40,810:INFO:Declaring metric variables
2022-04-06 07:49:40,851:INFO:Importing untrained model
2022-04-06 07:49:40,893:INFO:Ada Boost Classifier Imported succesfully
2022-04-06 07:49:40,977:INFO:Starting cross validation
2022-04-06 07:49:40,979:INFO:Cross validating with StratifiedKFold(n_splits=10, random_state=None, shuffle=False), n_jobs=-1
2022-04-06 07:49:41,693:INFO:Calculating mean and std
2022-04-06 07:49:41,698:INFO:Creating metrics dataframe
2022-04-06 07:49:41,717:INFO:Uploading results into container
2022-04-06 07:49:41,718:INFO:Uploading model into container now
2022-04-06 07:49:41,718:INFO:create_model_container: 9
2022-04-06 07:49:41,719:INFO:master_model_container: 9
2022-04-06 07:49:41,720:INFO:display_container: 2
2022-04-06 07:49:41,721:INFO:AdaBoostClassifier(algorithm='SAMME.R', base_estimator=None, learning_rate=1.0,
                   n_estimators=50, random_state=123)
2022-04-06 07:49:41,721:INFO:create_model() succesfully completed......................................
2022-04-06 07:49:41,913:INFO:SubProcess create_model() end ==================================
2022-04-06 07:49:41,913:INFO:Creating metrics dataframe
2022-04-06 07:49:41,992:INFO:Initializing Gradient Boosting Classifier
2022-04-06 07:49:41,992:INFO:Total runtime is 0.6377471645673117 minutes
2022-04-06 07:49:42,033:INFO:SubProcess create_model() called ==================================
2022-04-06 07:49:42,034:INFO:Initializing create_model()
2022-04-06 07:49:42,035:INFO:create_model(estimator=gbc, fold=StratifiedKFold(n_splits=10, random_state=None, shuffle=False), round=4, cross_validation=True, predict=True, fit_kwargs={}, groups=None, refit=False, verbose=False, system=False, metrics=None, experiment_custom_tags=None, add_to_model_list=True, probability_threshold=None, display=<pycaret.internal.Display.Display object at 0x0000012C34BD6188>, return_train_score=False, kwargs={})
2022-04-06 07:49:42,035:INFO:Checking exceptions
2022-04-06 07:49:42,035:INFO:Importing libraries
2022-04-06 07:49:42,035:INFO:Copying training dataset
2022-04-06 07:49:42,039:INFO:Defining folds
2022-04-06 07:49:42,040:INFO:Declaring metric variables
2022-04-06 07:49:42,075:INFO:Importing untrained model
2022-04-06 07:49:42,112:INFO:Gradient Boosting Classifier Imported succesfully
2022-04-06 07:49:42,179:INFO:Starting cross validation
2022-04-06 07:49:42,182:INFO:Cross validating with StratifiedKFold(n_splits=10, random_state=None, shuffle=False), n_jobs=-1
2022-04-06 07:49:42,650:INFO:Calculating mean and std
2022-04-06 07:49:42,654:INFO:Creating metrics dataframe
2022-04-06 07:49:42,677:INFO:Uploading results into container
2022-04-06 07:49:42,677:INFO:Uploading model into container now
2022-04-06 07:49:42,677:INFO:create_model_container: 10
2022-04-06 07:49:42,678:INFO:master_model_container: 10
2022-04-06 07:49:42,679:INFO:display_container: 2
2022-04-06 07:49:42,682:INFO:GradientBoostingClassifier(ccp_alpha=0.0, criterion='friedman_mse', init=None,
                           learning_rate=0.1, loss='deviance', max_depth=3,
                           max_features=None, max_leaf_nodes=None,
                           min_impurity_decrease=0.0, min_impurity_split=None,
                           min_samples_leaf=1, min_samples_split=2,
                           min_weight_fraction_leaf=0.0, n_estimators=100,
                           n_iter_no_change=None, presort='deprecated',
                           random_state=123, subsample=1.0, tol=0.0001,
                           validation_fraction=0.1, verbose=0,
                           warm_start=False)
2022-04-06 07:49:42,682:INFO:create_model() succesfully completed......................................
2022-04-06 07:49:42,875:INFO:SubProcess create_model() end ==================================
2022-04-06 07:49:42,875:INFO:Creating metrics dataframe
2022-04-06 07:49:42,971:INFO:Initializing Linear Discriminant Analysis
2022-04-06 07:49:42,971:INFO:Total runtime is 0.654068414370219 minutes
2022-04-06 07:49:43,014:INFO:SubProcess create_model() called ==================================
2022-04-06 07:49:43,016:INFO:Initializing create_model()
2022-04-06 07:49:43,016:INFO:create_model(estimator=lda, fold=StratifiedKFold(n_splits=10, random_state=None, shuffle=False), round=4, cross_validation=True, predict=True, fit_kwargs={}, groups=None, refit=False, verbose=False, system=False, metrics=None, experiment_custom_tags=None, add_to_model_list=True, probability_threshold=None, display=<pycaret.internal.Display.Display object at 0x0000012C34BD6188>, return_train_score=False, kwargs={})
2022-04-06 07:49:43,016:INFO:Checking exceptions
2022-04-06 07:49:43,017:INFO:Importing libraries
2022-04-06 07:49:43,017:INFO:Copying training dataset
2022-04-06 07:49:43,019:INFO:Defining folds
2022-04-06 07:49:43,020:INFO:Declaring metric variables
2022-04-06 07:49:43,053:INFO:Importing untrained model
2022-04-06 07:49:43,085:INFO:Linear Discriminant Analysis Imported succesfully
2022-04-06 07:49:43,160:INFO:Starting cross validation
2022-04-06 07:49:43,163:INFO:Cross validating with StratifiedKFold(n_splits=10, random_state=None, shuffle=False), n_jobs=-1
2022-04-06 07:49:43,332:INFO:Calculating mean and std
2022-04-06 07:49:43,335:INFO:Creating metrics dataframe
2022-04-06 07:49:43,354:INFO:Uploading results into container
2022-04-06 07:49:43,355:INFO:Uploading model into container now
2022-04-06 07:49:43,355:INFO:create_model_container: 11
2022-04-06 07:49:43,355:INFO:master_model_container: 11
2022-04-06 07:49:43,356:INFO:display_container: 2
2022-04-06 07:49:43,358:INFO:LinearDiscriminantAnalysis(n_components=None, priors=None, shrinkage=None,
                           solver='svd', store_covariance=False, tol=0.0001)
2022-04-06 07:49:43,358:INFO:create_model() succesfully completed......................................
2022-04-06 07:49:43,531:INFO:SubProcess create_model() end ==================================
2022-04-06 07:49:43,532:INFO:Creating metrics dataframe
2022-04-06 07:49:43,615:INFO:Initializing Extra Trees Classifier
2022-04-06 07:49:43,616:INFO:Total runtime is 0.664806878566742 minutes
2022-04-06 07:49:43,654:INFO:SubProcess create_model() called ==================================
2022-04-06 07:49:43,656:INFO:Initializing create_model()
2022-04-06 07:49:43,657:INFO:create_model(estimator=et, fold=StratifiedKFold(n_splits=10, random_state=None, shuffle=False), round=4, cross_validation=True, predict=True, fit_kwargs={}, groups=None, refit=False, verbose=False, system=False, metrics=None, experiment_custom_tags=None, add_to_model_list=True, probability_threshold=None, display=<pycaret.internal.Display.Display object at 0x0000012C34BD6188>, return_train_score=False, kwargs={})
2022-04-06 07:49:43,657:INFO:Checking exceptions
2022-04-06 07:49:43,657:INFO:Importing libraries
2022-04-06 07:49:43,658:INFO:Copying training dataset
2022-04-06 07:49:43,661:INFO:Defining folds
2022-04-06 07:49:43,661:INFO:Declaring metric variables
2022-04-06 07:49:43,700:INFO:Importing untrained model
2022-04-06 07:49:43,740:INFO:Extra Trees Classifier Imported succesfully
2022-04-06 07:49:43,819:INFO:Starting cross validation
2022-04-06 07:49:43,822:INFO:Cross validating with StratifiedKFold(n_splits=10, random_state=None, shuffle=False), n_jobs=-1
2022-04-06 07:49:45,511:INFO:Calculating mean and std
2022-04-06 07:49:45,515:INFO:Creating metrics dataframe
2022-04-06 07:49:45,540:INFO:Uploading results into container
2022-04-06 07:49:45,540:INFO:Uploading model into container now
2022-04-06 07:49:45,540:INFO:create_model_container: 12
2022-04-06 07:49:45,541:INFO:master_model_container: 12
2022-04-06 07:49:45,541:INFO:display_container: 2
2022-04-06 07:49:45,543:INFO:ExtraTreesClassifier(bootstrap=False, ccp_alpha=0.0, class_weight=None,
                     criterion='gini', max_depth=None, max_features='auto',
                     max_leaf_nodes=None, max_samples=None,
                     min_impurity_decrease=0.0, min_impurity_split=None,
                     min_samples_leaf=1, min_samples_split=2,
                     min_weight_fraction_leaf=0.0, n_estimators=100, n_jobs=-1,
                     oob_score=False, random_state=123, verbose=0,
                     warm_start=False)
2022-04-06 07:49:45,543:INFO:create_model() succesfully completed......................................
2022-04-06 07:49:45,754:INFO:SubProcess create_model() end ==================================
2022-04-06 07:49:45,755:INFO:Creating metrics dataframe
2022-04-06 07:49:45,843:INFO:Initializing Light Gradient Boosting Machine
2022-04-06 07:49:45,844:INFO:Total runtime is 0.7019399166107179 minutes
2022-04-06 07:49:45,879:INFO:SubProcess create_model() called ==================================
2022-04-06 07:49:45,881:INFO:Initializing create_model()
2022-04-06 07:49:45,881:INFO:create_model(estimator=lightgbm, fold=StratifiedKFold(n_splits=10, random_state=None, shuffle=False), round=4, cross_validation=True, predict=True, fit_kwargs={}, groups=None, refit=False, verbose=False, system=False, metrics=None, experiment_custom_tags=None, add_to_model_list=True, probability_threshold=None, display=<pycaret.internal.Display.Display object at 0x0000012C34BD6188>, return_train_score=False, kwargs={})
2022-04-06 07:49:45,882:INFO:Checking exceptions
2022-04-06 07:49:45,882:INFO:Importing libraries
2022-04-06 07:49:45,883:INFO:Copying training dataset
2022-04-06 07:49:45,886:INFO:Defining folds
2022-04-06 07:49:45,887:INFO:Declaring metric variables
2022-04-06 07:49:45,921:INFO:Importing untrained model
2022-04-06 07:49:45,961:INFO:Light Gradient Boosting Machine Imported succesfully
2022-04-06 07:49:46,043:INFO:Starting cross validation
2022-04-06 07:49:46,045:INFO:Cross validating with StratifiedKFold(n_splits=10, random_state=None, shuffle=False), n_jobs=-1
2022-04-06 07:49:46,402:INFO:Calculating mean and std
2022-04-06 07:49:46,406:INFO:Creating metrics dataframe
2022-04-06 07:49:46,427:INFO:Uploading results into container
2022-04-06 07:49:46,428:INFO:Uploading model into container now
2022-04-06 07:49:46,429:INFO:create_model_container: 13
2022-04-06 07:49:46,429:INFO:master_model_container: 13
2022-04-06 07:49:46,430:INFO:display_container: 2
2022-04-06 07:49:46,433:INFO:LGBMClassifier(boosting_type='gbdt', class_weight=None, colsample_bytree=1.0,
               importance_type='split', learning_rate=0.1, max_depth=-1,
               min_child_samples=20, min_child_weight=0.001, min_split_gain=0.0,
               n_estimators=100, n_jobs=-1, num_leaves=31, objective=None,
               random_state=123, reg_alpha=0.0, reg_lambda=0.0, silent='warn',
               subsample=1.0, subsample_for_bin=200000, subsample_freq=0)
2022-04-06 07:49:46,433:INFO:create_model() succesfully completed......................................
2022-04-06 07:49:46,624:INFO:SubProcess create_model() end ==================================
2022-04-06 07:49:46,624:INFO:Creating metrics dataframe
2022-04-06 07:49:46,716:INFO:Initializing Dummy Classifier
2022-04-06 07:49:46,717:INFO:Total runtime is 0.7164892872174582 minutes
2022-04-06 07:49:46,756:INFO:SubProcess create_model() called ==================================
2022-04-06 07:49:46,759:INFO:Initializing create_model()
2022-04-06 07:49:46,759:INFO:create_model(estimator=dummy, fold=StratifiedKFold(n_splits=10, random_state=None, shuffle=False), round=4, cross_validation=True, predict=True, fit_kwargs={}, groups=None, refit=False, verbose=False, system=False, metrics=None, experiment_custom_tags=None, add_to_model_list=True, probability_threshold=None, display=<pycaret.internal.Display.Display object at 0x0000012C34BD6188>, return_train_score=False, kwargs={})
2022-04-06 07:49:46,760:INFO:Checking exceptions
2022-04-06 07:49:46,760:INFO:Importing libraries
2022-04-06 07:49:46,760:INFO:Copying training dataset
2022-04-06 07:49:46,762:INFO:Defining folds
2022-04-06 07:49:46,763:INFO:Declaring metric variables
2022-04-06 07:49:46,801:INFO:Importing untrained model
2022-04-06 07:49:46,835:INFO:Dummy Classifier Imported succesfully
2022-04-06 07:49:46,908:INFO:Starting cross validation
2022-04-06 07:49:46,909:INFO:Cross validating with StratifiedKFold(n_splits=10, random_state=None, shuffle=False), n_jobs=-1
2022-04-06 07:49:47,061:INFO:Calculating mean and std
2022-04-06 07:49:47,065:INFO:Creating metrics dataframe
2022-04-06 07:49:47,087:INFO:Uploading results into container
2022-04-06 07:49:47,088:INFO:Uploading model into container now
2022-04-06 07:49:47,090:INFO:create_model_container: 14
2022-04-06 07:49:47,090:INFO:master_model_container: 14
2022-04-06 07:49:47,091:INFO:display_container: 2
2022-04-06 07:49:47,091:INFO:DummyClassifier(constant=None, random_state=123, strategy='prior')
2022-04-06 07:49:47,091:INFO:create_model() succesfully completed......................................
2022-04-06 07:49:47,290:INFO:SubProcess create_model() end ==================================
2022-04-06 07:49:47,291:INFO:Creating metrics dataframe
2022-04-06 07:49:47,466:INFO:Initializing create_model()
2022-04-06 07:49:47,467:INFO:create_model(estimator=RandomForestClassifier(bootstrap=True, ccp_alpha=0.0, class_weight=None,
                       criterion='gini', max_depth=None, max_features='auto',
                       max_leaf_nodes=None, max_samples=None,
                       min_impurity_decrease=0.0, min_impurity_split=None,
                       min_samples_leaf=1, min_samples_split=2,
                       min_weight_fraction_leaf=0.0, n_estimators=100,
                       n_jobs=-1, oob_score=False, random_state=123, verbose=0,
                       warm_start=False), fold=StratifiedKFold(n_splits=10, random_state=None, shuffle=False), round=4, cross_validation=False, predict=False, fit_kwargs={}, groups=None, refit=True, verbose=False, system=False, metrics=None, experiment_custom_tags=None, add_to_model_list=True, probability_threshold=None, display=None, return_train_score=False, kwargs={})
2022-04-06 07:49:47,467:INFO:Checking exceptions
2022-04-06 07:49:47,468:INFO:Importing libraries
2022-04-06 07:49:47,468:INFO:Copying training dataset
2022-04-06 07:49:47,470:INFO:Defining folds
2022-04-06 07:49:47,470:INFO:Declaring metric variables
2022-04-06 07:49:47,470:INFO:Importing untrained model
2022-04-06 07:49:47,471:INFO:Declaring custom model
2022-04-06 07:49:47,474:INFO:Random Forest Classifier Imported succesfully
2022-04-06 07:49:47,476:INFO:Cross validation set to False
2022-04-06 07:49:47,476:INFO:Fitting Model
2022-04-06 07:49:48,803:INFO:RandomForestClassifier(bootstrap=True, ccp_alpha=0.0, class_weight=None,
                       criterion='gini', max_depth=None, max_features='auto',
                       max_leaf_nodes=None, max_samples=None,
                       min_impurity_decrease=0.0, min_impurity_split=None,
                       min_samples_leaf=1, min_samples_split=2,
                       min_weight_fraction_leaf=0.0, n_estimators=100,
                       n_jobs=-1, oob_score=False, random_state=123, verbose=0,
                       warm_start=False)
2022-04-06 07:49:48,803:INFO:create_models() succesfully completed......................................
2022-04-06 07:49:49,201:INFO:create_model_container: 14
2022-04-06 07:49:49,203:INFO:master_model_container: 14
2022-04-06 07:49:49,204:INFO:display_container: 2
2022-04-06 07:49:49,206:INFO:RandomForestClassifier(bootstrap=True, ccp_alpha=0.0, class_weight=None,
                       criterion='gini', max_depth=None, max_features='auto',
                       max_leaf_nodes=None, max_samples=None,
                       min_impurity_decrease=0.0, min_impurity_split=None,
                       min_samples_leaf=1, min_samples_split=2,
                       min_weight_fraction_leaf=0.0, n_estimators=100,
                       n_jobs=-1, oob_score=False, random_state=123, verbose=0,
                       warm_start=False)
2022-04-06 07:49:49,206:INFO:compare_models() succesfully completed......................................
